[2m2025-07-15 15:26:56.921[0;39m [32m INFO[0;39m [35m83228[0;39m [2m---[0;39m [2m[  restartedMain][0;39m [36mcom.dincher.ScmApplication              [0;39m [2m:[0;39m Starting ScmApplication on mac-mini.local with PID 83228 (/Users/wangyan/Desktop/patient_verification/target/classes started by wangyan in /Users/wangyan/Desktop/patient_verification)
[2m2025-07-15 15:26:56.924[0;39m [32m INFO[0;39m [35m83228[0;39m [2m---[0;39m [2m[  restartedMain][0;39m [36mcom.dincher.ScmApplication              [0;39m [2m:[0;39m The following profiles are active: xz
[2m2025-07-15 15:27:03.471[0;39m [32m INFO[0;39m [35m83228[0;39m [2m---[0;39m [2m[  restartedMain][0;39m [36mc.d.framework.config.ExecutorConfig     [0;39m [2m:[0;39m start asyncServiceExecutor
[2m2025-07-15 15:27:04.986[0;39m [32m INFO[0;39m [35m83228[0;39m [2m---[0;39m [2m[  restartedMain][0;39m [36mcom.dincher.ScmApplication              [0;39m [2m:[0;39m Started ScmApplication in 8.277 seconds (JVM running for 8.765)
[2m2025-07-15 15:28:03.341[0;39m [32m INFO[0;39m [35m83228[0;39m [2m---[0;39m [2m[io-8080-exec-12][0;39m [36mc.d.common.utils.fastDFS.FileTypeUtils  [0;39m [2m:[0;39m 上传文件类型：application/vnd.android.package-archive
[2m2025-07-15 15:29:29.356[0;39m [32m INFO[0;39m [35m83228[0;39m [2m---[0;39m [2m[extShutdownHook][0;39m [36msys-user                                [0;39m [2m:[0;39m ====关闭后台任务任务线程池====
[2m2025-07-15 15:29:31.034[0;39m [32m INFO[0;39m [35m83607[0;39m [2m---[0;39m [2m[  restartedMain][0;39m [36mcom.dincher.ScmApplication              [0;39m [2m:[0;39m Starting ScmApplication on mac-mini.local with PID 83607 (/Users/wangyan/Desktop/patient_verification/target/classes started by wangyan in /Users/wangyan/Desktop/patient_verification)
[2m2025-07-15 15:29:31.036[0;39m [32m INFO[0;39m [35m83607[0;39m [2m---[0;39m [2m[  restartedMain][0;39m [36mcom.dincher.ScmApplication              [0;39m [2m:[0;39m The following profiles are active: xz
[2m2025-07-15 15:29:37.134[0;39m [32m INFO[0;39m [35m83607[0;39m [2m---[0;39m [2m[  restartedMain][0;39m [36mc.d.framework.config.ExecutorConfig     [0;39m [2m:[0;39m start asyncServiceExecutor
[2m2025-07-15 15:29:38.617[0;39m [32m INFO[0;39m [35m83607[0;39m [2m---[0;39m [2m[  restartedMain][0;39m [36mcom.dincher.ScmApplication              [0;39m [2m:[0;39m Started ScmApplication in 7.784 seconds (JVM running for 8.396)
[2m2025-07-15 15:30:41.623[0;39m [32m INFO[0;39m [35m83607[0;39m [2m---[0;39m [2m[nio-8080-exec-1][0;39m [36mc.d.common.utils.fastDFS.FileTypeUtils  [0;39m [2m:[0;39m 上传文件类型：application/vnd.android.package-archive
[2m2025-07-15 15:30:56.184[0;39m [32m INFO[0;39m [35m83607[0;39m [2m---[0;39m [2m[nio-8080-exec-4][0;39m [36mc.d.common.utils.fastDFS.FileTypeUtils  [0;39m [2m:[0;39m 上传文件类型：application/vnd.android.package-archive
[2m2025-07-15 15:31:46.015[0;39m [32m INFO[0;39m [35m83607[0;39m [2m---[0;39m [2m[extShutdownHook][0;39m [36msys-user                                [0;39m [2m:[0;39m ====关闭后台任务任务线程池====
[2m2025-07-15 15:31:47.255[0;39m [32m INFO[0;39m [35m83906[0;39m [2m---[0;39m [2m[  restartedMain][0;39m [36mcom.dincher.ScmApplication              [0;39m [2m:[0;39m Starting ScmApplication on mac-mini.local with PID 83906 (/Users/wangyan/Desktop/patient_verification/target/classes started by wangyan in /Users/wangyan/Desktop/patient_verification)
[2m2025-07-15 15:31:47.256[0;39m [32m INFO[0;39m [35m83906[0;39m [2m---[0;39m [2m[  restartedMain][0;39m [36mcom.dincher.ScmApplication              [0;39m [2m:[0;39m The following profiles are active: xz
[2m2025-07-15 15:31:53.322[0;39m [32m INFO[0;39m [35m83906[0;39m [2m---[0;39m [2m[  restartedMain][0;39m [36mc.d.framework.config.ExecutorConfig     [0;39m [2m:[0;39m start asyncServiceExecutor
[2m2025-07-15 15:31:54.870[0;39m [32m INFO[0;39m [35m83906[0;39m [2m---[0;39m [2m[  restartedMain][0;39m [36mcom.dincher.ScmApplication              [0;39m [2m:[0;39m Started ScmApplication in 7.817 seconds (JVM running for 8.324)
[2m2025-07-15 15:32:11.502[0;39m [32m INFO[0;39m [35m83906[0;39m [2m---[0;39m [2m[nio-8080-exec-1][0;39m [36mc.d.common.utils.fastDFS.FileTypeUtils  [0;39m [2m:[0;39m 上传文件类型：application/vnd.android.package-archive
[2m2025-07-15 15:34:11.560[0;39m [32m INFO[0;39m [35m83906[0;39m [2m---[0;39m [2m[extShutdownHook][0;39m [36msys-user                                [0;39m [2m:[0;39m ====关闭后台任务任务线程池====
[2m2025-07-15 15:34:12.680[0;39m [32m INFO[0;39m [35m84182[0;39m [2m---[0;39m [2m[  restartedMain][0;39m [36mcom.dincher.ScmApplication              [0;39m [2m:[0;39m Starting ScmApplication on mac-mini.local with PID 84182 (/Users/wangyan/Desktop/patient_verification/target/classes started by wangyan in /Users/wangyan/Desktop/patient_verification)
[2m2025-07-15 15:34:12.682[0;39m [32m INFO[0;39m [35m84182[0;39m [2m---[0;39m [2m[  restartedMain][0;39m [36mcom.dincher.ScmApplication              [0;39m [2m:[0;39m The following profiles are active: xz
[2m2025-07-15 15:34:18.772[0;39m [32m INFO[0;39m [35m84182[0;39m [2m---[0;39m [2m[  restartedMain][0;39m [36mc.d.framework.config.ExecutorConfig     [0;39m [2m:[0;39m start asyncServiceExecutor
[2m2025-07-15 15:34:20.251[0;39m [32m INFO[0;39m [35m84182[0;39m [2m---[0;39m [2m[  restartedMain][0;39m [36mcom.dincher.ScmApplication              [0;39m [2m:[0;39m Started ScmApplication in 7.784 seconds (JVM running for 8.286)
[2m2025-07-15 15:34:33.688[0;39m [32m INFO[0;39m [35m84182[0;39m [2m---[0;39m [2m[nio-8080-exec-1][0;39m [36mc.d.common.utils.fastDFS.FileTypeUtils  [0;39m [2m:[0;39m 上传文件类型：application/vnd.android.package-archive
[2m2025-07-15 15:34:55.839[0;39m [32m INFO[0;39m [35m84182[0;39m [2m---[0;39m [2m[extShutdownHook][0;39m [36msys-user                                [0;39m [2m:[0;39m ====关闭后台任务任务线程池====
[2m2025-07-15 15:34:57.039[0;39m [32m INFO[0;39m [35m84330[0;39m [2m---[0;39m [2m[  restartedMain][0;39m [36mcom.dincher.ScmApplication              [0;39m [2m:[0;39m Starting ScmApplication on mac-mini.local with PID 84330 (/Users/wangyan/Desktop/patient_verification/target/classes started by wangyan in /Users/wangyan/Desktop/patient_verification)
[2m2025-07-15 15:34:57.040[0;39m [32m INFO[0;39m [35m84330[0;39m [2m---[0;39m [2m[  restartedMain][0;39m [36mcom.dincher.ScmApplication              [0;39m [2m:[0;39m The following profiles are active: xz
[2m2025-07-15 15:35:03.151[0;39m [32m INFO[0;39m [35m84330[0;39m [2m---[0;39m [2m[  restartedMain][0;39m [36mc.d.framework.config.ExecutorConfig     [0;39m [2m:[0;39m start asyncServiceExecutor
[2m2025-07-15 15:35:04.648[0;39m [32m INFO[0;39m [35m84330[0;39m [2m---[0;39m [2m[  restartedMain][0;39m [36mcom.dincher.ScmApplication              [0;39m [2m:[0;39m Started ScmApplication in 7.811 seconds (JVM running for 8.296)
[2m2025-07-15 15:35:13.753[0;39m [32m INFO[0;39m [35m84330[0;39m [2m---[0;39m [2m[nio-8080-exec-1][0;39m [36mc.d.common.utils.fastDFS.FileTypeUtils  [0;39m [2m:[0;39m 上传文件类型：application/vnd.android.package-archive
