[2m2025-06-25 10:18:28.954[0;39m [32m INFO[0;39m [35m49192[0;39m [2m---[0;39m [2m[nio-9658-exec-6][0;39m [36mc.d.p.s.service.impl.LoginServiceImpl   [0;39m [2m:[0;39m 登录账号：wangya 无此科室权限.
[2m2025-06-25 10:18:32.629[0;39m [32m INFO[0;39m [35m49192[0;39m [2m---[0;39m [2m[nio-9658-exec-8][0;39m [36mc.d.p.s.service.impl.LoginServiceImpl   [0;39m [2m:[0;39m 登录账号：wangya 无此科室权限.
[2m2025-06-25 10:51:28.287[0;39m [32m INFO[0;39m [35m11863[0;39m [2m---[0;39m [2m[  restartedMain][0;39m [36mcom.dincher.ScmApplication              [0;39m [2m:[0;39m Starting ScmApplication on mac-mini.local with PID 11863 (/Users/wangyan/Desktop/patient_verification/target/classes started by wangyan in /Users/wangyan/Desktop/patient_verification)
[2m2025-06-25 10:51:28.289[0;39m [32m INFO[0;39m [35m11863[0;39m [2m---[0;39m [2m[  restartedMain][0;39m [36mcom.dincher.ScmApplication              [0;39m [2m:[0;39m The following profiles are active: xz
[2m2025-06-25 10:51:32.792[0;39m [32m INFO[0;39m [35m11863[0;39m [2m---[0;39m [2m[  restartedMain][0;39m [36mc.d.framework.config.ExecutorConfig     [0;39m [2m:[0;39m start asyncServiceExecutor
[2m2025-06-25 10:51:34.422[0;39m [32m INFO[0;39m [35m11863[0;39m [2m---[0;39m [2m[  restartedMain][0;39m [36mcom.dincher.ScmApplication              [0;39m [2m:[0;39m Started ScmApplication in 6.395 seconds (JVM running for 7.096)
[2m2025-06-25 10:58:49.953[0;39m [32m INFO[0;39m [35m12430[0;39m [2m---[0;39m [2m[  restartedMain][0;39m [36mcom.dincher.ScmApplication              [0;39m [2m:[0;39m Starting ScmApplication on mac-mini.local with PID 12430 (/Users/wangyan/Desktop/patient_verification/target/classes started by wangyan in /Users/wangyan/Desktop/patient_verification)
[2m2025-06-25 10:58:49.955[0;39m [32m INFO[0;39m [35m12430[0;39m [2m---[0;39m [2m[  restartedMain][0;39m [36mcom.dincher.ScmApplication              [0;39m [2m:[0;39m The following profiles are active: xz
[2m2025-06-25 10:58:54.366[0;39m [32m INFO[0;39m [35m12430[0;39m [2m---[0;39m [2m[  restartedMain][0;39m [36mc.d.framework.config.ExecutorConfig     [0;39m [2m:[0;39m start asyncServiceExecutor
[2m2025-06-25 10:58:55.970[0;39m [32m INFO[0;39m [35m12430[0;39m [2m---[0;39m [2m[  restartedMain][0;39m [36mcom.dincher.ScmApplication              [0;39m [2m:[0;39m Started ScmApplication in 6.246 seconds (JVM running for 7.064)
[2m2025-06-25 10:59:03.325[0;39m [32m INFO[0;39m [35m12430[0;39m [2m---[0;39m [2m[nio-9658-exec-2][0;39m [36mc.d.p.s.service.impl.LoginServiceImpl   [0;39m [2m:[0;39m 登录账号：wangya 无此科室权限.
[2m2025-06-25 15:48:35.111[0;39m [32m INFO[0;39m [35m39470[0;39m [2m---[0;39m [2m[  restartedMain][0;39m [36mcom.dincher.ScmApplication              [0;39m [2m:[0;39m Starting ScmApplication on mac-mini.local with PID 39470 (/Users/wangyan/Desktop/patient_verification/target/classes started by wangyan in /Users/wangyan/Desktop/patient_verification)
[2m2025-06-25 15:48:35.112[0;39m [32m INFO[0;39m [35m39470[0;39m [2m---[0;39m [2m[  restartedMain][0;39m [36mcom.dincher.ScmApplication              [0;39m [2m:[0;39m The following profiles are active: xz
[2m2025-06-25 15:48:39.561[0;39m [32m INFO[0;39m [35m39470[0;39m [2m---[0;39m [2m[  restartedMain][0;39m [36mc.d.framework.config.ExecutorConfig     [0;39m [2m:[0;39m start asyncServiceExecutor
[2m2025-06-25 15:48:41.188[0;39m [32m INFO[0;39m [35m39470[0;39m [2m---[0;39m [2m[  restartedMain][0;39m [36mcom.dincher.ScmApplication              [0;39m [2m:[0;39m Started ScmApplication in 6.298 seconds (JVM running for 7.059)
[2m2025-06-25 15:51:46.960[0;39m [32m INFO[0;39m [35m39931[0;39m [2m---[0;39m [2m[  restartedMain][0;39m [36mcom.dincher.ScmApplication              [0;39m [2m:[0;39m Starting ScmApplication on mac-mini.local with PID 39931 (/Users/wangyan/Desktop/patient_verification/target/classes started by wangyan in /Users/wangyan/Desktop/patient_verification)
[2m2025-06-25 15:51:46.962[0;39m [32m INFO[0;39m [35m39931[0;39m [2m---[0;39m [2m[  restartedMain][0;39m [36mcom.dincher.ScmApplication              [0;39m [2m:[0;39m The following profiles are active: xz
[2m2025-06-25 15:51:51.438[0;39m [32m INFO[0;39m [35m39931[0;39m [2m---[0;39m [2m[  restartedMain][0;39m [36mc.d.framework.config.ExecutorConfig     [0;39m [2m:[0;39m start asyncServiceExecutor
[2m2025-06-25 15:51:53.097[0;39m [32m INFO[0;39m [35m39931[0;39m [2m---[0;39m [2m[  restartedMain][0;39m [36mcom.dincher.ScmApplication              [0;39m [2m:[0;39m Started ScmApplication in 6.385 seconds (JVM running for 7.206)
[2m2025-06-25 15:52:38.151[0;39m [32m INFO[0;39m [35m40045[0;39m [2m---[0;39m [2m[  restartedMain][0;39m [36mcom.dincher.ScmApplication              [0;39m [2m:[0;39m Starting ScmApplication on mac-mini.local with PID 40045 (/Users/wangyan/Desktop/patient_verification/target/classes started by wangyan in /Users/wangyan/Desktop/patient_verification)
[2m2025-06-25 15:52:38.152[0;39m [32m INFO[0;39m [35m40045[0;39m [2m---[0;39m [2m[  restartedMain][0;39m [36mcom.dincher.ScmApplication              [0;39m [2m:[0;39m The following profiles are active: xz
[2m2025-06-25 15:52:42.541[0;39m [32m INFO[0;39m [35m40045[0;39m [2m---[0;39m [2m[  restartedMain][0;39m [36mc.d.framework.config.ExecutorConfig     [0;39m [2m:[0;39m start asyncServiceExecutor
[2m2025-06-25 15:52:44.144[0;39m [32m INFO[0;39m [35m40045[0;39m [2m---[0;39m [2m[  restartedMain][0;39m [36mcom.dincher.ScmApplication              [0;39m [2m:[0;39m Started ScmApplication in 6.215 seconds (JVM running for 7.005)
[2m2025-06-25 15:53:11.325[0;39m [32m INFO[0;39m [35m40112[0;39m [2m---[0;39m [2m[  restartedMain][0;39m [36mcom.dincher.ScmApplication              [0;39m [2m:[0;39m Starting ScmApplication on mac-mini.local with PID 40112 (/Users/wangyan/Desktop/patient_verification/target/classes started by wangyan in /Users/wangyan/Desktop/patient_verification)
[2m2025-06-25 15:53:11.327[0;39m [32m INFO[0;39m [35m40112[0;39m [2m---[0;39m [2m[  restartedMain][0;39m [36mcom.dincher.ScmApplication              [0;39m [2m:[0;39m The following profiles are active: xz
[2m2025-06-25 15:53:15.728[0;39m [32m INFO[0;39m [35m40112[0;39m [2m---[0;39m [2m[  restartedMain][0;39m [36mc.d.framework.config.ExecutorConfig     [0;39m [2m:[0;39m start asyncServiceExecutor
[2m2025-06-25 15:53:17.330[0;39m [32m INFO[0;39m [35m40112[0;39m [2m---[0;39m [2m[  restartedMain][0;39m [36mcom.dincher.ScmApplication              [0;39m [2m:[0;39m Started ScmApplication in 6.226 seconds (JVM running for 6.967)
[2m2025-06-25 15:54:13.659[0;39m [32m INFO[0;39m [35m40112[0;39m [2m---[0;39m [2m[extShutdownHook][0;39m [36msys-user                                [0;39m [2m:[0;39m ====关闭后台任务任务线程池====
[2m2025-06-25 15:54:15.659[0;39m [32m INFO[0;39m [35m40239[0;39m [2m---[0;39m [2m[  restartedMain][0;39m [36mcom.dincher.ScmApplication              [0;39m [2m:[0;39m Starting ScmApplication on mac-mini.local with PID 40239 (/Users/wangyan/Desktop/patient_verification/target/classes started by wangyan in /Users/wangyan/Desktop/patient_verification)
[2m2025-06-25 15:54:15.661[0;39m [32m INFO[0;39m [35m40239[0;39m [2m---[0;39m [2m[  restartedMain][0;39m [36mcom.dincher.ScmApplication              [0;39m [2m:[0;39m The following profiles are active: xz
[2m2025-06-25 15:54:20.138[0;39m [32m INFO[0;39m [35m40239[0;39m [2m---[0;39m [2m[  restartedMain][0;39m [36mc.d.framework.config.ExecutorConfig     [0;39m [2m:[0;39m start asyncServiceExecutor
[2m2025-06-25 15:54:21.731[0;39m [32m INFO[0;39m [35m40239[0;39m [2m---[0;39m [2m[  restartedMain][0;39m [36mcom.dincher.ScmApplication              [0;39m [2m:[0;39m Started ScmApplication in 6.37 seconds (JVM running for 7.221)
[2m2025-06-25 15:58:40.169[0;39m [32m INFO[0;39m [35m40862[0;39m [2m---[0;39m [2m[  restartedMain][0;39m [36mcom.dincher.ScmApplication              [0;39m [2m:[0;39m Starting ScmApplication on mac-mini.local with PID 40862 (/Users/wangyan/Desktop/patient_verification/target/classes started by wangyan in /Users/wangyan/Desktop/patient_verification)
[2m2025-06-25 15:58:40.171[0;39m [32m INFO[0;39m [35m40862[0;39m [2m---[0;39m [2m[  restartedMain][0;39m [36mcom.dincher.ScmApplication              [0;39m [2m:[0;39m The following profiles are active: xz
[2m2025-06-25 15:58:44.584[0;39m [32m INFO[0;39m [35m40862[0;39m [2m---[0;39m [2m[  restartedMain][0;39m [36mc.d.framework.config.ExecutorConfig     [0;39m [2m:[0;39m start asyncServiceExecutor
[2m2025-06-25 15:58:46.191[0;39m [32m INFO[0;39m [35m40862[0;39m [2m---[0;39m [2m[  restartedMain][0;39m [36mcom.dincher.ScmApplication              [0;39m [2m:[0;39m Started ScmApplication in 6.244 seconds (JVM running for 7.098)
[2m2025-06-25 16:01:48.287[0;39m [32m INFO[0;39m [35m41213[0;39m [2m---[0;39m [2m[  restartedMain][0;39m [36mcom.dincher.ScmApplication              [0;39m [2m:[0;39m Starting ScmApplication on mac-mini.local with PID 41213 (/Users/wangyan/Desktop/patient_verification/target/classes started by wangyan in /Users/wangyan/Desktop/patient_verification)
[2m2025-06-25 16:01:48.288[0;39m [32m INFO[0;39m [35m41213[0;39m [2m---[0;39m [2m[  restartedMain][0;39m [36mcom.dincher.ScmApplication              [0;39m [2m:[0;39m The following profiles are active: xz
[2m2025-06-25 16:01:52.767[0;39m [32m INFO[0;39m [35m41213[0;39m [2m---[0;39m [2m[  restartedMain][0;39m [36mc.d.framework.config.ExecutorConfig     [0;39m [2m:[0;39m start asyncServiceExecutor
[2m2025-06-25 16:01:54.372[0;39m [32m INFO[0;39m [35m41213[0;39m [2m---[0;39m [2m[  restartedMain][0;39m [36mcom.dincher.ScmApplication              [0;39m [2m:[0;39m Started ScmApplication in 6.305 seconds (JVM running for 7.047)
[2m2025-06-25 16:03:34.587[0;39m [32m INFO[0;39m [35m41444[0;39m [2m---[0;39m [2m[  restartedMain][0;39m [36mcom.dincher.ScmApplication              [0;39m [2m:[0;39m Starting ScmApplication on mac-mini.local with PID 41444 (/Users/wangyan/Desktop/patient_verification/target/classes started by wangyan in /Users/wangyan/Desktop/patient_verification)
[2m2025-06-25 16:03:34.588[0;39m [32m INFO[0;39m [35m41444[0;39m [2m---[0;39m [2m[  restartedMain][0;39m [36mcom.dincher.ScmApplication              [0;39m [2m:[0;39m The following profiles are active: xz
[2m2025-06-25 16:03:38.981[0;39m [32m INFO[0;39m [35m41444[0;39m [2m---[0;39m [2m[  restartedMain][0;39m [36mc.d.framework.config.ExecutorConfig     [0;39m [2m:[0;39m start asyncServiceExecutor
[2m2025-06-25 16:03:40.582[0;39m [32m INFO[0;39m [35m41444[0;39m [2m---[0;39m [2m[  restartedMain][0;39m [36mcom.dincher.ScmApplication              [0;39m [2m:[0;39m Started ScmApplication in 6.213 seconds (JVM running for 6.937)
[2m2025-06-25 16:05:03.540[0;39m [32m INFO[0;39m [35m41656[0;39m [2m---[0;39m [2m[  restartedMain][0;39m [36mcom.dincher.ScmApplication              [0;39m [2m:[0;39m Starting ScmApplication on mac-mini.local with PID 41656 (/Users/wangyan/Desktop/patient_verification/target/classes started by wangyan in /Users/wangyan/Desktop/patient_verification)
[2m2025-06-25 16:05:03.541[0;39m [32m INFO[0;39m [35m41656[0;39m [2m---[0;39m [2m[  restartedMain][0;39m [36mcom.dincher.ScmApplication              [0;39m [2m:[0;39m The following profiles are active: xz
[2m2025-06-25 16:05:07.956[0;39m [32m INFO[0;39m [35m41656[0;39m [2m---[0;39m [2m[  restartedMain][0;39m [36mc.d.framework.config.ExecutorConfig     [0;39m [2m:[0;39m start asyncServiceExecutor
[2m2025-06-25 16:05:09.572[0;39m [32m INFO[0;39m [35m41656[0;39m [2m---[0;39m [2m[  restartedMain][0;39m [36mcom.dincher.ScmApplication              [0;39m [2m:[0;39m Started ScmApplication in 6.253 seconds (JVM running for 6.972)
[2m2025-06-25 16:05:45.390[0;39m [32m INFO[0;39m [35m41736[0;39m [2m---[0;39m [2m[  restartedMain][0;39m [36mcom.dincher.ScmApplication              [0;39m [2m:[0;39m Starting ScmApplication on mac-mini.local with PID 41736 (/Users/wangyan/Desktop/patient_verification/target/classes started by wangyan in /Users/wangyan/Desktop/patient_verification)
[2m2025-06-25 16:05:45.391[0;39m [32m INFO[0;39m [35m41736[0;39m [2m---[0;39m [2m[  restartedMain][0;39m [36mcom.dincher.ScmApplication              [0;39m [2m:[0;39m The following profiles are active: xz
[2m2025-06-25 16:05:49.800[0;39m [32m INFO[0;39m [35m41736[0;39m [2m---[0;39m [2m[  restartedMain][0;39m [36mc.d.framework.config.ExecutorConfig     [0;39m [2m:[0;39m start asyncServiceExecutor
[2m2025-06-25 16:05:51.445[0;39m [32m INFO[0;39m [35m41736[0;39m [2m---[0;39m [2m[  restartedMain][0;39m [36mcom.dincher.ScmApplication              [0;39m [2m:[0;39m Started ScmApplication in 6.276 seconds (JVM running for 6.997)
[2m2025-06-25 16:09:12.747[0;39m [32m INFO[0;39m [35m41736[0;39m [2m---[0;39m [2m[      Thread-14][0;39m [36msys-user                                [0;39m [2m:[0;39m ====关闭后台任务任务线程池====
[2m2025-06-25 16:09:13.088[0;39m [32m INFO[0;39m [35m41736[0;39m [2m---[0;39m [2m[  restartedMain][0;39m [36mcom.dincher.ScmApplication              [0;39m [2m:[0;39m Starting ScmApplication on mac-mini.local with PID 41736 (/Users/wangyan/Desktop/patient_verification/target/classes started by wangyan in /Users/wangyan/Desktop/patient_verification)
[2m2025-06-25 16:09:13.088[0;39m [32m INFO[0;39m [35m41736[0;39m [2m---[0;39m [2m[  restartedMain][0;39m [36mcom.dincher.ScmApplication              [0;39m [2m:[0;39m The following profiles are active: xz
[2m2025-06-25 16:09:15.183[0;39m [32m INFO[0;39m [35m41736[0;39m [2m---[0;39m [2m[  restartedMain][0;39m [36mc.d.framework.config.ExecutorConfig     [0;39m [2m:[0;39m start asyncServiceExecutor
[2m2025-06-25 16:09:16.112[0;39m [32m INFO[0;39m [35m41736[0;39m [2m---[0;39m [2m[  restartedMain][0;39m [36mcom.dincher.ScmApplication              [0;39m [2m:[0;39m Started ScmApplication in 3.065 seconds (JVM running for 211.663)
[2m2025-06-25 16:09:22.507[0;39m [32m INFO[0;39m [35m42170[0;39m [2m---[0;39m [2m[  restartedMain][0;39m [36mcom.dincher.ScmApplication              [0;39m [2m:[0;39m Starting ScmApplication on mac-mini.local with PID 42170 (/Users/wangyan/Desktop/patient_verification/target/classes started by wangyan in /Users/wangyan/Desktop/patient_verification)
[2m2025-06-25 16:09:22.509[0;39m [32m INFO[0;39m [35m42170[0;39m [2m---[0;39m [2m[  restartedMain][0;39m [36mcom.dincher.ScmApplication              [0;39m [2m:[0;39m The following profiles are active: xz
[2m2025-06-25 16:09:26.929[0;39m [32m INFO[0;39m [35m42170[0;39m [2m---[0;39m [2m[  restartedMain][0;39m [36mc.d.framework.config.ExecutorConfig     [0;39m [2m:[0;39m start asyncServiceExecutor
[2m2025-06-25 16:09:28.532[0;39m [32m INFO[0;39m [35m42170[0;39m [2m---[0;39m [2m[  restartedMain][0;39m [36mcom.dincher.ScmApplication              [0;39m [2m:[0;39m Started ScmApplication in 6.246 seconds (JVM running for 6.979)
[2m2025-06-25 16:11:59.536[0;39m [32m INFO[0;39m [35m42492[0;39m [2m---[0;39m [2m[  restartedMain][0;39m [36mcom.dincher.ScmApplication              [0;39m [2m:[0;39m Starting ScmApplication on mac-mini.local with PID 42492 (/Users/wangyan/Desktop/patient_verification/target/classes started by wangyan in /Users/wangyan/Desktop/patient_verification)
[2m2025-06-25 16:11:59.537[0;39m [32m INFO[0;39m [35m42492[0;39m [2m---[0;39m [2m[  restartedMain][0;39m [36mcom.dincher.ScmApplication              [0;39m [2m:[0;39m The following profiles are active: xz
[2m2025-06-25 16:12:03.974[0;39m [32m INFO[0;39m [35m42492[0;39m [2m---[0;39m [2m[  restartedMain][0;39m [36mc.d.framework.config.ExecutorConfig     [0;39m [2m:[0;39m start asyncServiceExecutor
[2m2025-06-25 16:12:05.557[0;39m [32m INFO[0;39m [35m42492[0;39m [2m---[0;39m [2m[  restartedMain][0;39m [36mcom.dincher.ScmApplication              [0;39m [2m:[0;39m Started ScmApplication in 6.243 seconds (JVM running for 6.97)
[2m2025-06-25 16:12:54.083[0;39m [32m INFO[0;39m [35m42605[0;39m [2m---[0;39m [2m[  restartedMain][0;39m [36mcom.dincher.ScmApplication              [0;39m [2m:[0;39m Starting ScmApplication on mac-mini.local with PID 42605 (/Users/wangyan/Desktop/patient_verification/target/classes started by wangyan in /Users/wangyan/Desktop/patient_verification)
[2m2025-06-25 16:12:54.085[0;39m [32m INFO[0;39m [35m42605[0;39m [2m---[0;39m [2m[  restartedMain][0;39m [36mcom.dincher.ScmApplication              [0;39m [2m:[0;39m The following profiles are active: xz
[2m2025-06-25 16:12:58.510[0;39m [32m INFO[0;39m [35m42605[0;39m [2m---[0;39m [2m[  restartedMain][0;39m [36mc.d.framework.config.ExecutorConfig     [0;39m [2m:[0;39m start asyncServiceExecutor
[2m2025-06-25 16:13:00.118[0;39m [32m INFO[0;39m [35m42605[0;39m [2m---[0;39m [2m[  restartedMain][0;39m [36mcom.dincher.ScmApplication              [0;39m [2m:[0;39m Started ScmApplication in 6.258 seconds (JVM running for 7.0)
