[2m2025-06-23 08:35:05.840[0;39m [32m INFO[0;39m [35m2607[0;39m [2m---[0;39m [2m[  restartedMain][0;39m [36mcom.dincher.ScmApplication              [0;39m [2m:[0;39m Starting ScmApplication on mac-mini.local with PID 2607 (/Users/wangyan/Desktop/patient_verification/target/classes started by wangyan in /Users/wangyan/Desktop/patient_verification)
[2m2025-06-23 08:35:05.843[0;39m [32m INFO[0;39m [35m2607[0;39m [2m---[0;39m [2m[  restartedMain][0;39m [36mcom.dincher.ScmApplication              [0;39m [2m:[0;39m The following profiles are active: xz
[2m2025-06-23 08:35:10.209[0;39m [32m INFO[0;39m [35m2607[0;39m [2m---[0;39m [2m[  restartedMain][0;39m [36mc.d.framework.config.ExecutorConfig     [0;39m [2m:[0;39m start asyncServiceExecutor
[2m2025-06-23 08:35:11.770[0;39m [32m INFO[0;39m [35m2607[0;39m [2m---[0;39m [2m[  restartedMain][0;39m [36mcom.dincher.ScmApplication              [0;39m [2m:[0;39m Started ScmApplication in 6.165 seconds (JVM running for 6.699)
[2m2025-06-23 08:56:11.149[0;39m [32m INFO[0;39m [35m4893[0;39m [2m---[0;39m [2m[  restartedMain][0;39m [36mcom.dincher.ScmApplication              [0;39m [2m:[0;39m Starting ScmApplication on mac-mini.local with PID 4893 (/Users/wangyan/Desktop/patient_verification/target/classes started by wangyan in /Users/wangyan/Desktop/patient_verification)
[2m2025-06-23 08:56:11.151[0;39m [32m INFO[0;39m [35m4893[0;39m [2m---[0;39m [2m[  restartedMain][0;39m [36mcom.dincher.ScmApplication              [0;39m [2m:[0;39m The following profiles are active: xz
[2m2025-06-23 08:56:15.534[0;39m [32m INFO[0;39m [35m4893[0;39m [2m---[0;39m [2m[  restartedMain][0;39m [36mc.d.framework.config.ExecutorConfig     [0;39m [2m:[0;39m start asyncServiceExecutor
[2m2025-06-23 08:56:17.121[0;39m [32m INFO[0;39m [35m4893[0;39m [2m---[0;39m [2m[  restartedMain][0;39m [36mcom.dincher.ScmApplication              [0;39m [2m:[0;39m Started ScmApplication in 6.195 seconds (JVM running for 7.208)
[2m2025-06-23 09:08:08.896[0;39m [32m INFO[0;39m [35m4893[0;39m [2m---[0;39m [2m[io-9658-exec-19][0;39m [36mc.d.f.s.service.UserDetailsServiceImpl  [0;39m [2m:[0;39m 登录账号：wangyan 不存在.
[2m2025-06-23 09:08:12.630[0;39m [32m INFO[0;39m [35m4893[0;39m [2m---[0;39m [2m[io-9658-exec-21][0;39m [36mc.d.f.s.service.UserDetailsServiceImpl  [0;39m [2m:[0;39m 登录账号：wangyan 不存在.
[2m2025-06-23 09:08:55.054[0;39m [32m INFO[0;39m [35m4893[0;39m [2m---[0;39m [2m[io-9658-exec-12][0;39m [36mc.d.f.s.service.UserDetailsServiceImpl  [0;39m [2m:[0;39m 登录账号：wangyan 不存在.
[2m2025-06-23 09:09:03.871[0;39m [32m INFO[0;39m [35m4893[0;39m [2m---[0;39m [2m[io-9658-exec-13][0;39m [36mc.d.f.s.service.UserDetailsServiceImpl  [0;39m [2m:[0;39m 登录账号：wangyan 不存在.
[2m2025-06-23 09:09:07.993[0;39m [32m INFO[0;39m [35m4893[0;39m [2m---[0;39m [2m[io-9658-exec-15][0;39m [36mc.d.f.s.service.UserDetailsServiceImpl  [0;39m [2m:[0;39m 登录账号：wangyan 不存在.
[2m2025-06-23 09:09:19.797[0;39m [32m INFO[0;39m [35m6593[0;39m [2m---[0;39m [2m[  restartedMain][0;39m [36mcom.dincher.ScmApplication              [0;39m [2m:[0;39m Starting ScmApplication on mac-mini.local with PID 6593 (/Users/wangyan/Desktop/patient_verification/target/classes started by wangyan in /Users/wangyan/Desktop/patient_verification)
[2m2025-06-23 09:09:19.799[0;39m [32m INFO[0;39m [35m6593[0;39m [2m---[0;39m [2m[  restartedMain][0;39m [36mcom.dincher.ScmApplication              [0;39m [2m:[0;39m The following profiles are active: xz
[2m2025-06-23 09:09:24.308[0;39m [32m INFO[0;39m [35m6593[0;39m [2m---[0;39m [2m[  restartedMain][0;39m [36mc.d.framework.config.ExecutorConfig     [0;39m [2m:[0;39m start asyncServiceExecutor
[2m2025-06-23 09:09:25.908[0;39m [32m INFO[0;39m [35m6593[0;39m [2m---[0;39m [2m[  restartedMain][0;39m [36mcom.dincher.ScmApplication              [0;39m [2m:[0;39m Started ScmApplication in 6.336 seconds (JVM running for 7.07)
[2m2025-06-23 09:09:28.402[0;39m [32m INFO[0;39m [35m6593[0;39m [2m---[0;39m [2m[nio-9658-exec-1][0;39m [36mc.d.f.s.service.UserDetailsServiceImpl  [0;39m [2m:[0;39m 登录账号：wangyan 不存在.
[2m2025-06-23 10:16:22.009[0;39m [32m INFO[0;39m [35m6593[0;39m [2m---[0;39m [2m[      Thread-14][0;39m [36msys-user                                [0;39m [2m:[0;39m ====关闭后台任务任务线程池====
[2m2025-06-23 10:16:22.350[0;39m [32m INFO[0;39m [35m6593[0;39m [2m---[0;39m [2m[  restartedMain][0;39m [36mcom.dincher.ScmApplication              [0;39m [2m:[0;39m Starting ScmApplication on mac-mini.local with PID 6593 (/Users/wangyan/Desktop/patient_verification/target/classes started by wangyan in /Users/wangyan/Desktop/patient_verification)
[2m2025-06-23 10:16:22.350[0;39m [32m INFO[0;39m [35m6593[0;39m [2m---[0;39m [2m[  restartedMain][0;39m [36mcom.dincher.ScmApplication              [0;39m [2m:[0;39m The following profiles are active: xz
[2m2025-06-23 10:16:24.432[0;39m [32m INFO[0;39m [35m6593[0;39m [2m---[0;39m [2m[  restartedMain][0;39m [36mc.d.framework.config.ExecutorConfig     [0;39m [2m:[0;39m start asyncServiceExecutor
[2m2025-06-23 10:16:25.342[0;39m [32m INFO[0;39m [35m6593[0;39m [2m---[0;39m [2m[  restartedMain][0;39m [36mcom.dincher.ScmApplication              [0;39m [2m:[0;39m Started ScmApplication in 3.039 seconds (JVM running for 4026.574)
[2m2025-06-23 10:16:57.417[0;39m [32m INFO[0;39m [35m6593[0;39m [2m---[0;39m [2m[      Thread-26][0;39m [36msys-user                                [0;39m [2m:[0;39m ====关闭后台任务任务线程池====
[2m2025-06-23 10:16:57.782[0;39m [32m INFO[0;39m [35m6593[0;39m [2m---[0;39m [2m[  restartedMain][0;39m [36mcom.dincher.ScmApplication              [0;39m [2m:[0;39m Starting ScmApplication on mac-mini.local with PID 6593 (/Users/wangyan/Desktop/patient_verification/target/classes started by wangyan in /Users/wangyan/Desktop/patient_verification)
[2m2025-06-23 10:16:57.782[0;39m [32m INFO[0;39m [35m6593[0;39m [2m---[0;39m [2m[  restartedMain][0;39m [36mcom.dincher.ScmApplication              [0;39m [2m:[0;39m The following profiles are active: xz
[2m2025-06-23 10:16:59.753[0;39m [32m INFO[0;39m [35m6593[0;39m [2m---[0;39m [2m[  restartedMain][0;39m [36mc.d.framework.config.ExecutorConfig     [0;39m [2m:[0;39m start asyncServiceExecutor
[2m2025-06-23 10:17:00.660[0;39m [32m INFO[0;39m [35m6593[0;39m [2m---[0;39m [2m[  restartedMain][0;39m [36mcom.dincher.ScmApplication              [0;39m [2m:[0;39m Started ScmApplication in 2.923 seconds (JVM running for 4061.892)
[2m2025-06-23 14:54:33.998[0;39m [32m INFO[0;39m [35m41487[0;39m [2m---[0;39m [2m[  restartedMain][0;39m [36mcom.dincher.ScmApplication              [0;39m [2m:[0;39m Starting ScmApplication on mac-mini.local with PID 41487 (/Users/wangyan/Desktop/patient_verification/target/classes started by wangyan in /Users/wangyan/Desktop/patient_verification)
[2m2025-06-23 14:54:33.999[0;39m [32m INFO[0;39m [35m41487[0;39m [2m---[0;39m [2m[  restartedMain][0;39m [36mcom.dincher.ScmApplication              [0;39m [2m:[0;39m The following profiles are active: xz
[2m2025-06-23 14:54:38.449[0;39m [32m INFO[0;39m [35m41487[0;39m [2m---[0;39m [2m[  restartedMain][0;39m [36mc.d.framework.config.ExecutorConfig     [0;39m [2m:[0;39m start asyncServiceExecutor
[2m2025-06-23 14:54:40.061[0;39m [32m INFO[0;39m [35m41487[0;39m [2m---[0;39m [2m[  restartedMain][0;39m [36mcom.dincher.ScmApplication              [0;39m [2m:[0;39m Started ScmApplication in 6.286 seconds (JVM running for 7.024)
[2m2025-06-23 14:58:22.174[0;39m [32m INFO[0;39m [35m41981[0;39m [2m---[0;39m [2m[  restartedMain][0;39m [36mcom.dincher.ScmApplication              [0;39m [2m:[0;39m Starting ScmApplication on mac-mini.local with PID 41981 (/Users/wangyan/Desktop/patient_verification/target/classes started by wangyan in /Users/wangyan/Desktop/patient_verification)
[2m2025-06-23 14:58:22.176[0;39m [32m INFO[0;39m [35m41981[0;39m [2m---[0;39m [2m[  restartedMain][0;39m [36mcom.dincher.ScmApplication              [0;39m [2m:[0;39m The following profiles are active: xz
[2m2025-06-23 14:58:26.623[0;39m [32m INFO[0;39m [35m41981[0;39m [2m---[0;39m [2m[  restartedMain][0;39m [36mc.d.framework.config.ExecutorConfig     [0;39m [2m:[0;39m start asyncServiceExecutor
[2m2025-06-23 14:58:28.237[0;39m [32m INFO[0;39m [35m41981[0;39m [2m---[0;39m [2m[  restartedMain][0;39m [36mcom.dincher.ScmApplication              [0;39m [2m:[0;39m Started ScmApplication in 6.289 seconds (JVM running for 7.173)
[2m2025-06-23 14:59:23.065[0;39m [32m INFO[0;39m [35m42097[0;39m [2m---[0;39m [2m[  restartedMain][0;39m [36mcom.dincher.ScmApplication              [0;39m [2m:[0;39m Starting ScmApplication on mac-mini.local with PID 42097 (/Users/wangyan/Desktop/patient_verification/target/classes started by wangyan in /Users/wangyan/Desktop/patient_verification)
[2m2025-06-23 14:59:23.067[0;39m [32m INFO[0;39m [35m42097[0;39m [2m---[0;39m [2m[  restartedMain][0;39m [36mcom.dincher.ScmApplication              [0;39m [2m:[0;39m The following profiles are active: xz
[2m2025-06-23 14:59:27.559[0;39m [32m INFO[0;39m [35m42097[0;39m [2m---[0;39m [2m[  restartedMain][0;39m [36mc.d.framework.config.ExecutorConfig     [0;39m [2m:[0;39m start asyncServiceExecutor
[2m2025-06-23 14:59:29.163[0;39m [32m INFO[0;39m [35m42097[0;39m [2m---[0;39m [2m[  restartedMain][0;39m [36mcom.dincher.ScmApplication              [0;39m [2m:[0;39m Started ScmApplication in 6.321 seconds (JVM running for 7.054)
[2m2025-06-23 15:00:09.609[0;39m [32m INFO[0;39m [35m42197[0;39m [2m---[0;39m [2m[  restartedMain][0;39m [36mcom.dincher.ScmApplication              [0;39m [2m:[0;39m Starting ScmApplication on mac-mini.local with PID 42197 (/Users/wangyan/Desktop/patient_verification/target/classes started by wangyan in /Users/wangyan/Desktop/patient_verification)
[2m2025-06-23 15:00:09.611[0;39m [32m INFO[0;39m [35m42197[0;39m [2m---[0;39m [2m[  restartedMain][0;39m [36mcom.dincher.ScmApplication              [0;39m [2m:[0;39m The following profiles are active: xz
[2m2025-06-23 15:00:13.986[0;39m [32m INFO[0;39m [35m42197[0;39m [2m---[0;39m [2m[  restartedMain][0;39m [36mc.d.framework.config.ExecutorConfig     [0;39m [2m:[0;39m start asyncServiceExecutor
[2m2025-06-23 15:00:15.590[0;39m [32m INFO[0;39m [35m42197[0;39m [2m---[0;39m [2m[  restartedMain][0;39m [36mcom.dincher.ScmApplication              [0;39m [2m:[0;39m Started ScmApplication in 6.208 seconds (JVM running for 7.035)
[2m2025-06-23 15:00:32.678[0;39m [32m INFO[0;39m [35m42242[0;39m [2m---[0;39m [2m[  restartedMain][0;39m [36mcom.dincher.ScmApplication              [0;39m [2m:[0;39m Starting ScmApplication on mac-mini.local with PID 42242 (/Users/wangyan/Desktop/patient_verification/target/classes started by wangyan in /Users/wangyan/Desktop/patient_verification)
[2m2025-06-23 15:00:32.680[0;39m [32m INFO[0;39m [35m42242[0;39m [2m---[0;39m [2m[  restartedMain][0;39m [36mcom.dincher.ScmApplication              [0;39m [2m:[0;39m The following profiles are active: xz
[2m2025-06-23 15:00:37.436[0;39m [32m INFO[0;39m [35m42242[0;39m [2m---[0;39m [2m[  restartedMain][0;39m [36mc.d.framework.config.ExecutorConfig     [0;39m [2m:[0;39m start asyncServiceExecutor
[2m2025-06-23 15:00:39.063[0;39m [32m INFO[0;39m [35m42242[0;39m [2m---[0;39m [2m[  restartedMain][0;39m [36mcom.dincher.ScmApplication              [0;39m [2m:[0;39m Started ScmApplication in 6.612 seconds (JVM running for 7.426)
[2m2025-06-23 15:00:43.283[0;39m [32m INFO[0;39m [35m42273[0;39m [2m---[0;39m [2m[  restartedMain][0;39m [36mcom.dincher.ScmApplication              [0;39m [2m:[0;39m Starting ScmApplication on mac-mini.local with PID 42273 (/Users/wangyan/Desktop/patient_verification/target/classes started by wangyan in /Users/wangyan/Desktop/patient_verification)
[2m2025-06-23 15:00:43.285[0;39m [32m INFO[0;39m [35m42273[0;39m [2m---[0;39m [2m[  restartedMain][0;39m [36mcom.dincher.ScmApplication              [0;39m [2m:[0;39m The following profiles are active: xz
[2m2025-06-23 15:00:47.650[0;39m [32m INFO[0;39m [35m42273[0;39m [2m---[0;39m [2m[  restartedMain][0;39m [36mc.d.framework.config.ExecutorConfig     [0;39m [2m:[0;39m start asyncServiceExecutor
[2m2025-06-23 15:00:49.255[0;39m [32m INFO[0;39m [35m42273[0;39m [2m---[0;39m [2m[  restartedMain][0;39m [36mcom.dincher.ScmApplication              [0;39m [2m:[0;39m Started ScmApplication in 6.199 seconds (JVM running for 7.023)
[2m2025-06-23 15:02:20.634[0;39m [32m INFO[0;39m [35m42470[0;39m [2m---[0;39m [2m[  restartedMain][0;39m [36mcom.dincher.ScmApplication              [0;39m [2m:[0;39m Starting ScmApplication on mac-mini.local with PID 42470 (/Users/wangyan/Desktop/patient_verification/target/classes started by wangyan in /Users/wangyan/Desktop/patient_verification)
[2m2025-06-23 15:02:20.635[0;39m [32m INFO[0;39m [35m42470[0;39m [2m---[0;39m [2m[  restartedMain][0;39m [36mcom.dincher.ScmApplication              [0;39m [2m:[0;39m The following profiles are active: xz
[2m2025-06-23 15:02:25.043[0;39m [32m INFO[0;39m [35m42470[0;39m [2m---[0;39m [2m[  restartedMain][0;39m [36mc.d.framework.config.ExecutorConfig     [0;39m [2m:[0;39m start asyncServiceExecutor
[2m2025-06-23 15:02:26.636[0;39m [32m INFO[0;39m [35m42470[0;39m [2m---[0;39m [2m[  restartedMain][0;39m [36mcom.dincher.ScmApplication              [0;39m [2m:[0;39m Started ScmApplication in 6.223 seconds (JVM running for 6.952)
[2m2025-06-23 15:03:06.876[0;39m [32m INFO[0;39m [35m42470[0;39m [2m---[0;39m [2m[      Thread-14][0;39m [36msys-user                                [0;39m [2m:[0;39m ====关闭后台任务任务线程池====
[2m2025-06-23 15:03:07.221[0;39m [32m INFO[0;39m [35m42470[0;39m [2m---[0;39m [2m[  restartedMain][0;39m [36mcom.dincher.ScmApplication              [0;39m [2m:[0;39m Starting ScmApplication on mac-mini.local with PID 42470 (/Users/wangyan/Desktop/patient_verification/target/classes started by wangyan in /Users/wangyan/Desktop/patient_verification)
[2m2025-06-23 15:03:07.222[0;39m [32m INFO[0;39m [35m42470[0;39m [2m---[0;39m [2m[  restartedMain][0;39m [36mcom.dincher.ScmApplication              [0;39m [2m:[0;39m The following profiles are active: xz
[2m2025-06-23 15:03:09.303[0;39m [32m INFO[0;39m [35m42470[0;39m [2m---[0;39m [2m[  restartedMain][0;39m [36mc.d.framework.config.ExecutorConfig     [0;39m [2m:[0;39m start asyncServiceExecutor
[2m2025-06-23 15:03:10.215[0;39m [32m INFO[0;39m [35m42470[0;39m [2m---[0;39m [2m[  restartedMain][0;39m [36mcom.dincher.ScmApplication              [0;39m [2m:[0;39m Started ScmApplication in 3.036 seconds (JVM running for 50.53)
[2m2025-06-23 15:03:34.666[0;39m [32m INFO[0;39m [35m42470[0;39m [2m---[0;39m [2m[      Thread-25][0;39m [36msys-user                                [0;39m [2m:[0;39m ====关闭后台任务任务线程池====
[2m2025-06-23 15:03:35.097[0;39m [32m INFO[0;39m [35m42470[0;39m [2m---[0;39m [2m[  restartedMain][0;39m [36mcom.dincher.ScmApplication              [0;39m [2m:[0;39m Starting ScmApplication on mac-mini.local with PID 42470 (/Users/wangyan/Desktop/patient_verification/target/classes started by wangyan in /Users/wangyan/Desktop/patient_verification)
[2m2025-06-23 15:03:35.098[0;39m [32m INFO[0;39m [35m42470[0;39m [2m---[0;39m [2m[  restartedMain][0;39m [36mcom.dincher.ScmApplication              [0;39m [2m:[0;39m The following profiles are active: xz
[2m2025-06-23 15:03:37.122[0;39m [32m INFO[0;39m [35m42470[0;39m [2m---[0;39m [2m[  restartedMain][0;39m [36mc.d.framework.config.ExecutorConfig     [0;39m [2m:[0;39m start asyncServiceExecutor
[2m2025-06-23 15:03:38.008[0;39m [32m INFO[0;39m [35m42470[0;39m [2m---[0;39m [2m[  restartedMain][0;39m [36mcom.dincher.ScmApplication              [0;39m [2m:[0;39m Started ScmApplication in 2.95 seconds (JVM running for 78.324)
[2m2025-06-23 15:05:27.646[0;39m [32m INFO[0;39m [35m42470[0;39m [2m---[0;39m [2m[      Thread-30][0;39m [36msys-user                                [0;39m [2m:[0;39m ====关闭后台任务任务线程池====
[2m2025-06-23 15:05:28.127[0;39m [32m INFO[0;39m [35m42470[0;39m [2m---[0;39m [2m[  restartedMain][0;39m [36mcom.dincher.ScmApplication              [0;39m [2m:[0;39m Starting ScmApplication on mac-mini.local with PID 42470 (/Users/wangyan/Desktop/patient_verification/target/classes started by wangyan in /Users/wangyan/Desktop/patient_verification)
[2m2025-06-23 15:05:28.127[0;39m [32m INFO[0;39m [35m42470[0;39m [2m---[0;39m [2m[  restartedMain][0;39m [36mcom.dincher.ScmApplication              [0;39m [2m:[0;39m The following profiles are active: xz
[2m2025-06-23 15:05:30.102[0;39m [32m INFO[0;39m [35m42470[0;39m [2m---[0;39m [2m[  restartedMain][0;39m [36mc.d.framework.config.ExecutorConfig     [0;39m [2m:[0;39m start asyncServiceExecutor
[2m2025-06-23 15:05:31.000[0;39m [32m INFO[0;39m [35m42470[0;39m [2m---[0;39m [2m[  restartedMain][0;39m [36mcom.dincher.ScmApplication              [0;39m [2m:[0;39m Started ScmApplication in 2.911 seconds (JVM running for 191.315)
[2m2025-06-23 15:05:35.183[0;39m [32m INFO[0;39m [35m42470[0;39m [2m---[0;39m [2m[nio-9658-exec-1][0;39m [36mc.d.f.s.service.UserDetailsServiceImpl  [0;39m [2m:[0;39m 登录账号：admin 未配置科室.
[2m2025-06-23 15:09:48.493[0;39m [32m INFO[0;39m [35m42470[0;39m [2m---[0;39m [2m[io-9658-exec-10][0;39m [36mc.d.f.s.service.UserDetailsServiceImpl  [0;39m [2m:[0;39m 登录账号：admin 未配置科室.
[2m2025-06-23 15:16:45.078[0;39m [32m INFO[0;39m [35m42470[0;39m [2m---[0;39m [2m[extShutdownHook][0;39m [36msys-user                                [0;39m [2m:[0;39m ====关闭后台任务任务线程池====
[2m2025-06-23 15:16:46.885[0;39m [32m INFO[0;39m [35m44083[0;39m [2m---[0;39m [2m[  restartedMain][0;39m [36mcom.dincher.ScmApplication              [0;39m [2m:[0;39m Starting ScmApplication on mac-mini.local with PID 44083 (/Users/wangyan/Desktop/patient_verification/target/classes started by wangyan in /Users/wangyan/Desktop/patient_verification)
[2m2025-06-23 15:16:46.886[0;39m [32m INFO[0;39m [35m44083[0;39m [2m---[0;39m [2m[  restartedMain][0;39m [36mcom.dincher.ScmApplication              [0;39m [2m:[0;39m The following profiles are active: xz
[2m2025-06-23 15:16:51.440[0;39m [32m INFO[0;39m [35m44083[0;39m [2m---[0;39m [2m[  restartedMain][0;39m [36mc.d.framework.config.ExecutorConfig     [0;39m [2m:[0;39m start asyncServiceExecutor
[2m2025-06-23 15:16:53.027[0;39m [32m INFO[0;39m [35m44083[0;39m [2m---[0;39m [2m[  restartedMain][0;39m [36mcom.dincher.ScmApplication              [0;39m [2m:[0;39m Started ScmApplication in 6.364 seconds (JVM running for 7.181)
[2m2025-06-23 15:18:28.564[0;39m [32m INFO[0;39m [35m44359[0;39m [2m---[0;39m [2m[  restartedMain][0;39m [36mcom.dincher.ScmApplication              [0;39m [2m:[0;39m Starting ScmApplication on mac-mini.local with PID 44359 (/Users/wangyan/Desktop/patient_verification/target/classes started by wangyan in /Users/wangyan/Desktop/patient_verification)
[2m2025-06-23 15:18:28.566[0;39m [32m INFO[0;39m [35m44359[0;39m [2m---[0;39m [2m[  restartedMain][0;39m [36mcom.dincher.ScmApplication              [0;39m [2m:[0;39m The following profiles are active: xz
[2m2025-06-23 15:18:32.893[0;39m [32m INFO[0;39m [35m44359[0;39m [2m---[0;39m [2m[  restartedMain][0;39m [36mc.d.framework.config.ExecutorConfig     [0;39m [2m:[0;39m start asyncServiceExecutor
[2m2025-06-23 15:18:34.473[0;39m [32m INFO[0;39m [35m44359[0;39m [2m---[0;39m [2m[  restartedMain][0;39m [36mcom.dincher.ScmApplication              [0;39m [2m:[0;39m Started ScmApplication in 6.137 seconds (JVM running for 6.978)
[2m2025-06-23 15:20:56.626[0;39m [32m INFO[0;39m [35m44674[0;39m [2m---[0;39m [2m[  restartedMain][0;39m [36mcom.dincher.ScmApplication              [0;39m [2m:[0;39m Starting ScmApplication on mac-mini.local with PID 44674 (/Users/wangyan/Desktop/patient_verification/target/classes started by wangyan in /Users/wangyan/Desktop/patient_verification)
[2m2025-06-23 15:20:56.628[0;39m [32m INFO[0;39m [35m44674[0;39m [2m---[0;39m [2m[  restartedMain][0;39m [36mcom.dincher.ScmApplication              [0;39m [2m:[0;39m The following profiles are active: xz
[2m2025-06-23 15:21:01.028[0;39m [32m INFO[0;39m [35m44674[0;39m [2m---[0;39m [2m[  restartedMain][0;39m [36mc.d.framework.config.ExecutorConfig     [0;39m [2m:[0;39m start asyncServiceExecutor
[2m2025-06-23 15:21:02.631[0;39m [32m INFO[0;39m [35m44674[0;39m [2m---[0;39m [2m[  restartedMain][0;39m [36mcom.dincher.ScmApplication              [0;39m [2m:[0;39m Started ScmApplication in 6.225 seconds (JVM running for 6.946)
[2m2025-06-23 15:33:51.785[0;39m [32m INFO[0;39m [35m44674[0;39m [2m---[0;39m [2m[      Thread-14][0;39m [36msys-user                                [0;39m [2m:[0;39m ====关闭后台任务任务线程池====
[2m2025-06-23 15:33:52.100[0;39m [32m INFO[0;39m [35m44674[0;39m [2m---[0;39m [2m[  restartedMain][0;39m [36mcom.dincher.ScmApplication              [0;39m [2m:[0;39m Starting ScmApplication on mac-mini.local with PID 44674 (/Users/wangyan/Desktop/patient_verification/target/classes started by wangyan in /Users/wangyan/Desktop/patient_verification)
[2m2025-06-23 15:33:52.100[0;39m [32m INFO[0;39m [35m44674[0;39m [2m---[0;39m [2m[  restartedMain][0;39m [36mcom.dincher.ScmApplication              [0;39m [2m:[0;39m The following profiles are active: xz
[2m2025-06-23 15:36:59.528[0;39m [32m INFO[0;39m [35m44674[0;39m [2m---[0;39m [2m[  restartedMain][0;39m [36mcom.dincher.ScmApplication              [0;39m [2m:[0;39m Starting ScmApplication on mac-mini.local with PID 44674 (/Users/wangyan/Desktop/patient_verification/target/classes started by wangyan in /Users/wangyan/Desktop/patient_verification)
[2m2025-06-23 15:36:59.529[0;39m [32m INFO[0;39m [35m44674[0;39m [2m---[0;39m [2m[  restartedMain][0;39m [36mcom.dincher.ScmApplication              [0;39m [2m:[0;39m The following profiles are active: xz
[2m2025-06-23 15:37:04.542[0;39m [32m INFO[0;39m [35m46819[0;39m [2m---[0;39m [2m[  restartedMain][0;39m [36mcom.dincher.ScmApplication              [0;39m [2m:[0;39m Starting ScmApplication on mac-mini.local with PID 46819 (/Users/wangyan/Desktop/patient_verification/target/classes started by wangyan in /Users/wangyan/Desktop/patient_verification)
[2m2025-06-23 15:37:04.543[0;39m [32m INFO[0;39m [35m46819[0;39m [2m---[0;39m [2m[  restartedMain][0;39m [36mcom.dincher.ScmApplication              [0;39m [2m:[0;39m The following profiles are active: xz
[2m2025-06-23 15:37:08.948[0;39m [32m INFO[0;39m [35m46819[0;39m [2m---[0;39m [2m[  restartedMain][0;39m [36mc.d.framework.config.ExecutorConfig     [0;39m [2m:[0;39m start asyncServiceExecutor
[2m2025-06-23 15:37:10.552[0;39m [32m INFO[0;39m [35m46819[0;39m [2m---[0;39m [2m[  restartedMain][0;39m [36mcom.dincher.ScmApplication              [0;39m [2m:[0;39m Started ScmApplication in 6.287 seconds (JVM running for 6.927)
[2m2025-06-23 15:37:13.482[0;39m [32m INFO[0;39m [35m46819[0;39m [2m---[0;39m [2m[nio-9658-exec-1][0;39m [36mc.d.p.s.service.impl.LoginServiceImpl   [0;39m [2m:[0;39m 登录账号：admin 未配置科室.
[2m2025-06-23 15:39:15.782[0;39m [32m INFO[0;39m [35m47109[0;39m [2m---[0;39m [2m[  restartedMain][0;39m [36mcom.dincher.ScmApplication              [0;39m [2m:[0;39m Starting ScmApplication on mac-mini.local with PID 47109 (/Users/wangyan/Desktop/patient_verification/target/classes started by wangyan in /Users/wangyan/Desktop/patient_verification)
[2m2025-06-23 15:39:15.784[0;39m [32m INFO[0;39m [35m47109[0;39m [2m---[0;39m [2m[  restartedMain][0;39m [36mcom.dincher.ScmApplication              [0;39m [2m:[0;39m The following profiles are active: xz
[2m2025-06-23 15:39:20.138[0;39m [32m INFO[0;39m [35m47109[0;39m [2m---[0;39m [2m[  restartedMain][0;39m [36mc.d.framework.config.ExecutorConfig     [0;39m [2m:[0;39m start asyncServiceExecutor
[2m2025-06-23 15:39:21.756[0;39m [32m INFO[0;39m [35m47109[0;39m [2m---[0;39m [2m[  restartedMain][0;39m [36mcom.dincher.ScmApplication              [0;39m [2m:[0;39m Started ScmApplication in 6.195 seconds (JVM running for 6.905)
[2m2025-06-23 15:39:25.196[0;39m [32m INFO[0;39m [35m47109[0;39m [2m---[0;39m [2m[nio-9658-exec-1][0;39m [36mc.d.p.s.service.impl.LoginServiceImpl   [0;39m [2m:[0;39m 登录账号：admin 未配置科室.
[2m2025-06-23 15:39:36.168[0;39m [32m INFO[0;39m [35m47109[0;39m [2m---[0;39m [2m[nio-9658-exec-2][0;39m [36mc.d.p.s.service.impl.LoginServiceImpl   [0;39m [2m:[0;39m 登录账号：admin 未配置科室.
[2m2025-06-23 15:39:56.316[0;39m [32m INFO[0;39m [35m47109[0;39m [2m---[0;39m [2m[nio-9658-exec-3][0;39m [36mc.d.p.s.service.impl.LoginServiceImpl   [0;39m [2m:[0;39m 登录账号：admin 未配置科室.
[2m2025-06-23 15:40:06.216[0;39m [32m INFO[0;39m [35m47109[0;39m [2m---[0;39m [2m[      Thread-14][0;39m [36msys-user                                [0;39m [2m:[0;39m ====关闭后台任务任务线程池====
[2m2025-06-23 15:40:06.528[0;39m [32m INFO[0;39m [35m47109[0;39m [2m---[0;39m [2m[  restartedMain][0;39m [36mcom.dincher.ScmApplication              [0;39m [2m:[0;39m Starting ScmApplication on mac-mini.local with PID 47109 (/Users/wangyan/Desktop/patient_verification/target/classes started by wangyan in /Users/wangyan/Desktop/patient_verification)
[2m2025-06-23 15:40:06.529[0;39m [32m INFO[0;39m [35m47109[0;39m [2m---[0;39m [2m[  restartedMain][0;39m [36mcom.dincher.ScmApplication              [0;39m [2m:[0;39m The following profiles are active: xz
[2m2025-06-23 15:40:08.632[0;39m [32m INFO[0;39m [35m47109[0;39m [2m---[0;39m [2m[  restartedMain][0;39m [36mc.d.framework.config.ExecutorConfig     [0;39m [2m:[0;39m start asyncServiceExecutor
[2m2025-06-23 15:40:09.565[0;39m [32m INFO[0;39m [35m47109[0;39m [2m---[0;39m [2m[  restartedMain][0;39m [36mcom.dincher.ScmApplication              [0;39m [2m:[0;39m Started ScmApplication in 3.079 seconds (JVM running for 54.713)
[2m2025-06-23 15:40:58.087[0;39m [32m INFO[0;39m [35m47109[0;39m [2m---[0;39m [2m[      Thread-25][0;39m [36msys-user                                [0;39m [2m:[0;39m ====关闭后台任务任务线程池====
[2m2025-06-23 15:40:58.526[0;39m [32m INFO[0;39m [35m47109[0;39m [2m---[0;39m [2m[  restartedMain][0;39m [36mcom.dincher.ScmApplication              [0;39m [2m:[0;39m Starting ScmApplication on mac-mini.local with PID 47109 (/Users/wangyan/Desktop/patient_verification/target/classes started by wangyan in /Users/wangyan/Desktop/patient_verification)
[2m2025-06-23 15:40:58.527[0;39m [32m INFO[0;39m [35m47109[0;39m [2m---[0;39m [2m[  restartedMain][0;39m [36mcom.dincher.ScmApplication              [0;39m [2m:[0;39m The following profiles are active: xz
[2m2025-06-23 15:41:00.585[0;39m [32m INFO[0;39m [35m47109[0;39m [2m---[0;39m [2m[  restartedMain][0;39m [36mc.d.framework.config.ExecutorConfig     [0;39m [2m:[0;39m start asyncServiceExecutor
[2m2025-06-23 15:41:01.492[0;39m [32m INFO[0;39m [35m47109[0;39m [2m---[0;39m [2m[  restartedMain][0;39m [36mcom.dincher.ScmApplication              [0;39m [2m:[0;39m Started ScmApplication in 3.006 seconds (JVM running for 106.641)
[2m2025-06-23 15:41:10.055[0;39m [32m INFO[0;39m [35m47109[0;39m [2m---[0;39m [2m[nio-9658-exec-1][0;39m [36mc.d.p.s.service.impl.LoginServiceImpl   [0;39m [2m:[0;39m 登录账号：admin 未配置科室.
[2m2025-06-23 15:42:49.194[0;39m [32m INFO[0;39m [35m47535[0;39m [2m---[0;39m [2m[  restartedMain][0;39m [36mcom.dincher.ScmApplication              [0;39m [2m:[0;39m Starting ScmApplication on mac-mini.local with PID 47535 (/Users/wangyan/Desktop/patient_verification/target/classes started by wangyan in /Users/wangyan/Desktop/patient_verification)
[2m2025-06-23 15:42:49.195[0;39m [32m INFO[0;39m [35m47535[0;39m [2m---[0;39m [2m[  restartedMain][0;39m [36mcom.dincher.ScmApplication              [0;39m [2m:[0;39m The following profiles are active: xz
[2m2025-06-23 15:42:53.593[0;39m [32m INFO[0;39m [35m47535[0;39m [2m---[0;39m [2m[  restartedMain][0;39m [36mc.d.framework.config.ExecutorConfig     [0;39m [2m:[0;39m start asyncServiceExecutor
[2m2025-06-23 15:42:55.182[0;39m [32m INFO[0;39m [35m47535[0;39m [2m---[0;39m [2m[  restartedMain][0;39m [36mcom.dincher.ScmApplication              [0;39m [2m:[0;39m Started ScmApplication in 6.207 seconds (JVM running for 6.935)
[2m2025-06-23 15:43:35.065[0;39m [32m INFO[0;39m [35m47535[0;39m [2m---[0;39m [2m[      Thread-14][0;39m [36msys-user                                [0;39m [2m:[0;39m ====关闭后台任务任务线程池====
[2m2025-06-23 15:43:35.406[0;39m [32m INFO[0;39m [35m47535[0;39m [2m---[0;39m [2m[  restartedMain][0;39m [36mcom.dincher.ScmApplication              [0;39m [2m:[0;39m Starting ScmApplication on mac-mini.local with PID 47535 (/Users/wangyan/Desktop/patient_verification/target/classes started by wangyan in /Users/wangyan/Desktop/patient_verification)
[2m2025-06-23 15:43:35.407[0;39m [32m INFO[0;39m [35m47535[0;39m [2m---[0;39m [2m[  restartedMain][0;39m [36mcom.dincher.ScmApplication              [0;39m [2m:[0;39m The following profiles are active: xz
[2m2025-06-23 15:43:37.488[0;39m [32m INFO[0;39m [35m47535[0;39m [2m---[0;39m [2m[  restartedMain][0;39m [36mc.d.framework.config.ExecutorConfig     [0;39m [2m:[0;39m start asyncServiceExecutor
[2m2025-06-23 15:43:38.418[0;39m [32m INFO[0;39m [35m47535[0;39m [2m---[0;39m [2m[  restartedMain][0;39m [36mcom.dincher.ScmApplication              [0;39m [2m:[0;39m Started ScmApplication in 3.053 seconds (JVM running for 50.171)
[2m2025-06-23 16:10:18.904[0;39m [32m INFO[0;39m [35m50263[0;39m [2m---[0;39m [2m[  restartedMain][0;39m [36mcom.dincher.ScmApplication              [0;39m [2m:[0;39m Starting ScmApplication on mac-mini.local with PID 50263 (/Users/wangyan/Desktop/patient_verification/target/classes started by wangyan in /Users/wangyan/Desktop/patient_verification)
[2m2025-06-23 16:10:18.906[0;39m [32m INFO[0;39m [35m50263[0;39m [2m---[0;39m [2m[  restartedMain][0;39m [36mcom.dincher.ScmApplication              [0;39m [2m:[0;39m The following profiles are active: xz
[2m2025-06-23 16:10:23.287[0;39m [32m INFO[0;39m [35m50263[0;39m [2m---[0;39m [2m[  restartedMain][0;39m [36mc.d.framework.config.ExecutorConfig     [0;39m [2m:[0;39m start asyncServiceExecutor
[2m2025-06-23 16:10:24.889[0;39m [32m INFO[0;39m [35m50263[0;39m [2m---[0;39m [2m[  restartedMain][0;39m [36mcom.dincher.ScmApplication              [0;39m [2m:[0;39m Started ScmApplication in 6.206 seconds (JVM running for 6.971)
[2m2025-06-23 16:11:12.348[0;39m [32m INFO[0;39m [35m50415[0;39m [2m---[0;39m [2m[  restartedMain][0;39m [36mcom.dincher.ScmApplication              [0;39m [2m:[0;39m Starting ScmApplication on mac-mini.local with PID 50415 (/Users/wangyan/Desktop/patient_verification/target/classes started by wangyan in /Users/wangyan/Desktop/patient_verification)
[2m2025-06-23 16:11:12.350[0;39m [32m INFO[0;39m [35m50415[0;39m [2m---[0;39m [2m[  restartedMain][0;39m [36mcom.dincher.ScmApplication              [0;39m [2m:[0;39m The following profiles are active: xz
[2m2025-06-23 16:11:16.712[0;39m [32m INFO[0;39m [35m50415[0;39m [2m---[0;39m [2m[  restartedMain][0;39m [36mc.d.framework.config.ExecutorConfig     [0;39m [2m:[0;39m start asyncServiceExecutor
[2m2025-06-23 16:11:18.322[0;39m [32m INFO[0;39m [35m50415[0;39m [2m---[0;39m [2m[  restartedMain][0;39m [36mcom.dincher.ScmApplication              [0;39m [2m:[0;39m Started ScmApplication in 6.193 seconds (JVM running for 6.91)
[2m2025-06-23 16:17:46.846[0;39m [32m INFO[0;39m [35m51402[0;39m [2m---[0;39m [2m[  restartedMain][0;39m [36mcom.dincher.ScmApplication              [0;39m [2m:[0;39m Starting ScmApplication on mac-mini.local with PID 51402 (/Users/wangyan/Desktop/patient_verification/target/classes started by wangyan in /Users/wangyan/Desktop/patient_verification)
[2m2025-06-23 16:17:46.848[0;39m [32m INFO[0;39m [35m51402[0;39m [2m---[0;39m [2m[  restartedMain][0;39m [36mcom.dincher.ScmApplication              [0;39m [2m:[0;39m The following profiles are active: xz
[2m2025-06-23 16:17:51.355[0;39m [32m INFO[0;39m [35m51402[0;39m [2m---[0;39m [2m[  restartedMain][0;39m [36mc.d.framework.config.ExecutorConfig     [0;39m [2m:[0;39m start asyncServiceExecutor
[2m2025-06-23 16:17:52.961[0;39m [32m INFO[0;39m [35m51402[0;39m [2m---[0;39m [2m[  restartedMain][0;39m [36mcom.dincher.ScmApplication              [0;39m [2m:[0;39m Started ScmApplication in 6.336 seconds (JVM running for 7.078)
[2m2025-06-23 16:18:41.780[0;39m [32m INFO[0;39m [35m51651[0;39m [2m---[0;39m [2m[  restartedMain][0;39m [36mcom.dincher.ScmApplication              [0;39m [2m:[0;39m Starting ScmApplication on mac-mini.local with PID 51651 (/Users/wangyan/Desktop/patient_verification/target/classes started by wangyan in /Users/wangyan/Desktop/patient_verification)
[2m2025-06-23 16:18:41.781[0;39m [32m INFO[0;39m [35m51651[0;39m [2m---[0;39m [2m[  restartedMain][0;39m [36mcom.dincher.ScmApplication              [0;39m [2m:[0;39m The following profiles are active: xz
[2m2025-06-23 16:18:45.824[0;39m [32m INFO[0;39m [35m51651[0;39m [2m---[0;39m [2m[  restartedMain][0;39m [36mc.d.framework.config.ExecutorConfig     [0;39m [2m:[0;39m start asyncServiceExecutor
[2m2025-06-23 16:18:47.305[0;39m [32m INFO[0;39m [35m51651[0;39m [2m---[0;39m [2m[  restartedMain][0;39m [36mcom.dincher.ScmApplication              [0;39m [2m:[0;39m Started ScmApplication in 5.727 seconds (JVM running for 6.198)
[2m2025-06-23 16:19:32.706[0;39m [32m INFO[0;39m [35m51651[0;39m [2m---[0;39m [2m[io-9658-exec-28][0;39m [36mc.d.common.utils.fastDFS.FileTypeUtils  [0;39m [2m:[0;39m 上传文件类型：image/jpeg
[2m2025-06-23 16:20:05.342[0;39m [32m INFO[0;39m [35m51651[0;39m [2m---[0;39m [2m[io-9658-exec-26][0;39m [36mc.d.common.utils.fastDFS.FileTypeUtils  [0;39m [2m:[0;39m 上传文件类型：image/jpeg
[2m2025-06-23 16:54:09.110[0;39m [32m INFO[0;39m [35m51651[0;39m [2m---[0;39m [2m[io-9658-exec-22][0;39m [36mc.d.f.s.service.UserDetailsServiceImpl  [0;39m [2m:[0;39m 登录账号：ce 不存在.
[2m2025-06-23 17:07:16.892[0;39m [32m INFO[0;39m [35m56544[0;39m [2m---[0;39m [2m[  restartedMain][0;39m [36mcom.dincher.ScmApplication              [0;39m [2m:[0;39m Starting ScmApplication on mac-mini.local with PID 56544 (/Users/wangyan/Desktop/patient_verification/target/classes started by wangyan in /Users/wangyan/Desktop/patient_verification)
[2m2025-06-23 17:07:16.893[0;39m [32m INFO[0;39m [35m56544[0;39m [2m---[0;39m [2m[  restartedMain][0;39m [36mcom.dincher.ScmApplication              [0;39m [2m:[0;39m The following profiles are active: xz
[2m2025-06-23 17:07:21.056[0;39m [32m INFO[0;39m [35m56544[0;39m [2m---[0;39m [2m[  restartedMain][0;39m [36mc.d.framework.config.ExecutorConfig     [0;39m [2m:[0;39m start asyncServiceExecutor
[2m2025-06-23 17:07:22.602[0;39m [32m INFO[0;39m [35m56544[0;39m [2m---[0;39m [2m[  restartedMain][0;39m [36mcom.dincher.ScmApplication              [0;39m [2m:[0;39m Started ScmApplication in 5.913 seconds (JVM running for 6.384)
[2m2025-06-23 17:07:43.731[0;39m [32m INFO[0;39m [35m56592[0;39m [2m---[0;39m [2m[  restartedMain][0;39m [36mcom.dincher.ScmApplication              [0;39m [2m:[0;39m Starting ScmApplication on mac-mini.local with PID 56592 (/Users/wangyan/Desktop/patient_verification/target/classes started by wangyan in /Users/wangyan/Desktop/patient_verification)
[2m2025-06-23 17:07:43.733[0;39m [32m INFO[0;39m [35m56592[0;39m [2m---[0;39m [2m[  restartedMain][0;39m [36mcom.dincher.ScmApplication              [0;39m [2m:[0;39m The following profiles are active: xz
[2m2025-06-23 17:07:47.907[0;39m [32m INFO[0;39m [35m56592[0;39m [2m---[0;39m [2m[  restartedMain][0;39m [36mc.d.framework.config.ExecutorConfig     [0;39m [2m:[0;39m start asyncServiceExecutor
[2m2025-06-23 17:07:49.455[0;39m [32m INFO[0;39m [35m56592[0;39m [2m---[0;39m [2m[  restartedMain][0;39m [36mcom.dincher.ScmApplication              [0;39m [2m:[0;39m Started ScmApplication in 5.933 seconds (JVM running for 6.458)
[2m2025-06-23 17:11:07.484[0;39m [32m INFO[0;39m [35m56592[0;39m [2m---[0;39m [2m[      Thread-13][0;39m [36msys-user                                [0;39m [2m:[0;39m ====关闭后台任务任务线程池====
[2m2025-06-23 17:11:07.790[0;39m [32m INFO[0;39m [35m56592[0;39m [2m---[0;39m [2m[  restartedMain][0;39m [36mcom.dincher.ScmApplication              [0;39m [2m:[0;39m Starting ScmApplication on mac-mini.local with PID 56592 (/Users/wangyan/Desktop/patient_verification/target/classes started by wangyan in /Users/wangyan/Desktop/patient_verification)
[2m2025-06-23 17:11:07.790[0;39m [32m INFO[0;39m [35m56592[0;39m [2m---[0;39m [2m[  restartedMain][0;39m [36mcom.dincher.ScmApplication              [0;39m [2m:[0;39m The following profiles are active: xz
[2m2025-06-23 17:11:11.096[0;39m [32m INFO[0;39m [35m56592[0;39m [2m---[0;39m [2m[  restartedMain][0;39m [36mcom.dincher.ScmApplication              [0;39m [2m:[0;39m Starting ScmApplication on mac-mini.local with PID 56592 (/Users/wangyan/Desktop/patient_verification/target/classes started by wangyan in /Users/wangyan/Desktop/patient_verification)
[2m2025-06-23 17:11:11.096[0;39m [32m INFO[0;39m [35m56592[0;39m [2m---[0;39m [2m[  restartedMain][0;39m [36mcom.dincher.ScmApplication              [0;39m [2m:[0;39m The following profiles are active: xz
[2m2025-06-23 17:11:12.991[0;39m [32m INFO[0;39m [35m56592[0;39m [2m---[0;39m [2m[  restartedMain][0;39m [36mc.d.framework.config.ExecutorConfig     [0;39m [2m:[0;39m start asyncServiceExecutor
[2m2025-06-23 17:11:13.890[0;39m [32m INFO[0;39m [35m56592[0;39m [2m---[0;39m [2m[  restartedMain][0;39m [36mcom.dincher.ScmApplication              [0;39m [2m:[0;39m Started ScmApplication in 2.822 seconds (JVM running for 210.891)
[2m2025-06-23 17:11:42.712[0;39m [32m INFO[0;39m [35m56592[0;39m [2m---[0;39m [2m[      Thread-25][0;39m [36msys-user                                [0;39m [2m:[0;39m ====关闭后台任务任务线程池====
[2m2025-06-23 17:11:43.124[0;39m [32m INFO[0;39m [35m56592[0;39m [2m---[0;39m [2m[  restartedMain][0;39m [36mcom.dincher.ScmApplication              [0;39m [2m:[0;39m Starting ScmApplication on mac-mini.local with PID 56592 (/Users/wangyan/Desktop/patient_verification/target/classes started by wangyan in /Users/wangyan/Desktop/patient_verification)
[2m2025-06-23 17:11:43.125[0;39m [32m INFO[0;39m [35m56592[0;39m [2m---[0;39m [2m[  restartedMain][0;39m [36mcom.dincher.ScmApplication              [0;39m [2m:[0;39m The following profiles are active: xz
[2m2025-06-23 17:11:46.001[0;39m [32m INFO[0;39m [35m56592[0;39m [2m---[0;39m [2m[  restartedMain][0;39m [36mcom.dincher.ScmApplication              [0;39m [2m:[0;39m Starting ScmApplication on mac-mini.local with PID 56592 (/Users/wangyan/Desktop/patient_verification/target/classes started by wangyan in /Users/wangyan/Desktop/patient_verification)
[2m2025-06-23 17:11:46.001[0;39m [32m INFO[0;39m [35m56592[0;39m [2m---[0;39m [2m[  restartedMain][0;39m [36mcom.dincher.ScmApplication              [0;39m [2m:[0;39m The following profiles are active: xz
[2m2025-06-23 17:11:47.852[0;39m [32m INFO[0;39m [35m56592[0;39m [2m---[0;39m [2m[  restartedMain][0;39m [36mc.d.framework.config.ExecutorConfig     [0;39m [2m:[0;39m start asyncServiceExecutor
[2m2025-06-23 17:11:48.695[0;39m [32m INFO[0;39m [35m56592[0;39m [2m---[0;39m [2m[  restartedMain][0;39m [36mcom.dincher.ScmApplication              [0;39m [2m:[0;39m Started ScmApplication in 2.726 seconds (JVM running for 245.695)
[2m2025-06-23 17:11:50.489[0;39m [32m INFO[0;39m [35m56592[0;39m [2m---[0;39m [2m[extShutdownHook][0;39m [36msys-user                                [0;39m [2m:[0;39m ====关闭后台任务任务线程池====
[2m2025-06-23 17:11:52.331[0;39m [32m INFO[0;39m [35m57348[0;39m [2m---[0;39m [2m[  restartedMain][0;39m [36mcom.dincher.ScmApplication              [0;39m [2m:[0;39m Starting ScmApplication on mac-mini.local with PID 57348 (/Users/wangyan/Desktop/patient_verification/target/classes started by wangyan in /Users/wangyan/Desktop/patient_verification)
[2m2025-06-23 17:11:52.333[0;39m [32m INFO[0;39m [35m57348[0;39m [2m---[0;39m [2m[  restartedMain][0;39m [36mcom.dincher.ScmApplication              [0;39m [2m:[0;39m The following profiles are active: xz
[2m2025-06-23 17:12:33.899[0;39m [32m INFO[0;39m [35m57348[0;39m [2m---[0;39m [2m[  restartedMain][0;39m [36mc.d.framework.config.ExecutorConfig     [0;39m [2m:[0;39m start asyncServiceExecutor
[2m2025-06-23 17:12:35.535[0;39m [32m INFO[0;39m [35m57348[0;39m [2m---[0;39m [2m[  restartedMain][0;39m [36mcom.dincher.ScmApplication              [0;39m [2m:[0;39m Started ScmApplication in 43.428 seconds (JVM running for 44.272)
[2m2025-06-23 17:12:36.793[0;39m [32m INFO[0;39m [35m57348[0;39m [2m---[0;39m [2m[extShutdownHook][0;39m [36msys-user                                [0;39m [2m:[0;39m ====关闭后台任务任务线程池====
[2m2025-06-23 17:12:38.603[0;39m [32m INFO[0;39m [35m57427[0;39m [2m---[0;39m [2m[  restartedMain][0;39m [36mcom.dincher.ScmApplication              [0;39m [2m:[0;39m Starting ScmApplication on mac-mini.local with PID 57427 (/Users/wangyan/Desktop/patient_verification/target/classes started by wangyan in /Users/wangyan/Desktop/patient_verification)
[2m2025-06-23 17:12:38.605[0;39m [32m INFO[0;39m [35m57427[0;39m [2m---[0;39m [2m[  restartedMain][0;39m [36mcom.dincher.ScmApplication              [0;39m [2m:[0;39m The following profiles are active: xz
[2m2025-06-23 17:13:40.787[0;39m [32m INFO[0;39m [35m57427[0;39m [2m---[0;39m [2m[  restartedMain][0;39m [36mc.d.framework.config.ExecutorConfig     [0;39m [2m:[0;39m start asyncServiceExecutor
[2m2025-06-23 17:13:42.409[0;39m [32m INFO[0;39m [35m57427[0;39m [2m---[0;39m [2m[  restartedMain][0;39m [36mcom.dincher.ScmApplication              [0;39m [2m:[0;39m Started ScmApplication in 64.025 seconds (JVM running for 64.761)
[2m2025-06-23 17:13:43.669[0;39m [32m INFO[0;39m [35m57427[0;39m [2m---[0;39m [2m[extShutdownHook][0;39m [36msys-user                                [0;39m [2m:[0;39m ====关闭后台任务任务线程池====
[2m2025-06-23 17:13:46.915[0;39m [32m INFO[0;39m [35m57554[0;39m [2m---[0;39m [2m[  restartedMain][0;39m [36mcom.dincher.ScmApplication              [0;39m [2m:[0;39m Starting ScmApplication on mac-mini.local with PID 57554 (/Users/wangyan/Desktop/patient_verification/target/classes started by wangyan in /Users/wangyan/Desktop/patient_verification)
[2m2025-06-23 17:13:46.916[0;39m [32m INFO[0;39m [35m57554[0;39m [2m---[0;39m [2m[  restartedMain][0;39m [36mcom.dincher.ScmApplication              [0;39m [2m:[0;39m The following profiles are active: xz
[2m2025-06-23 17:13:51.002[0;39m [32m INFO[0;39m [35m57554[0;39m [2m---[0;39m [2m[  restartedMain][0;39m [36mc.d.framework.config.ExecutorConfig     [0;39m [2m:[0;39m start asyncServiceExecutor
[2m2025-06-23 17:13:52.494[0;39m [32m INFO[0;39m [35m57554[0;39m [2m---[0;39m [2m[  restartedMain][0;39m [36mcom.dincher.ScmApplication              [0;39m [2m:[0;39m Started ScmApplication in 5.783 seconds (JVM running for 6.263)
[2m2025-06-23 17:17:34.723[0;39m [32m INFO[0;39m [35m58010[0;39m [2m---[0;39m [2m[  restartedMain][0;39m [36mcom.dincher.ScmApplication              [0;39m [2m:[0;39m Starting ScmApplication on mac-mini.local with PID 58010 (/Users/wangyan/Desktop/patient_verification/target/classes started by wangyan in /Users/wangyan/Desktop/patient_verification)
[2m2025-06-23 17:17:34.724[0;39m [32m INFO[0;39m [35m58010[0;39m [2m---[0;39m [2m[  restartedMain][0;39m [36mcom.dincher.ScmApplication              [0;39m [2m:[0;39m The following profiles are active: xz
[2m2025-06-23 17:17:38.786[0;39m [32m INFO[0;39m [35m58010[0;39m [2m---[0;39m [2m[  restartedMain][0;39m [36mc.d.framework.config.ExecutorConfig     [0;39m [2m:[0;39m start asyncServiceExecutor
[2m2025-06-23 17:17:40.280[0;39m [32m INFO[0;39m [35m58010[0;39m [2m---[0;39m [2m[  restartedMain][0;39m [36mcom.dincher.ScmApplication              [0;39m [2m:[0;39m Started ScmApplication in 5.762 seconds (JVM running for 6.249)
[2m2025-06-23 17:17:56.562[0;39m [32m INFO[0;39m [35m58093[0;39m [2m---[0;39m [2m[  restartedMain][0;39m [36mcom.dincher.ScmApplication              [0;39m [2m:[0;39m Starting ScmApplication on mac-mini.local with PID 58093 (/Users/wangyan/Desktop/patient_verification/target/classes started by wangyan in /Users/wangyan/Desktop/patient_verification)
[2m2025-06-23 17:17:56.564[0;39m [32m INFO[0;39m [35m58093[0;39m [2m---[0;39m [2m[  restartedMain][0;39m [36mcom.dincher.ScmApplication              [0;39m [2m:[0;39m The following profiles are active: xz
[2m2025-06-23 17:18:00.781[0;39m [32m INFO[0;39m [35m58093[0;39m [2m---[0;39m [2m[  restartedMain][0;39m [36mc.d.framework.config.ExecutorConfig     [0;39m [2m:[0;39m start asyncServiceExecutor
[2m2025-06-23 17:18:02.286[0;39m [32m INFO[0;39m [35m58093[0;39m [2m---[0;39m [2m[  restartedMain][0;39m [36mcom.dincher.ScmApplication              [0;39m [2m:[0;39m Started ScmApplication in 5.929 seconds (JVM running for 6.411)
[2m2025-06-23 17:18:32.295[0;39m [32m INFO[0;39m [35m58182[0;39m [2m---[0;39m [2m[  restartedMain][0;39m [36mcom.dincher.ScmApplication              [0;39m [2m:[0;39m Starting ScmApplication on mac-mini.local with PID 58182 (/Users/wangyan/Desktop/patient_verification/target/classes started by wangyan in /Users/wangyan/Desktop/patient_verification)
[2m2025-06-23 17:18:32.296[0;39m [32m INFO[0;39m [35m58182[0;39m [2m---[0;39m [2m[  restartedMain][0;39m [36mcom.dincher.ScmApplication              [0;39m [2m:[0;39m The following profiles are active: xz
[2m2025-06-23 17:18:36.367[0;39m [32m INFO[0;39m [35m58182[0;39m [2m---[0;39m [2m[  restartedMain][0;39m [36mc.d.framework.config.ExecutorConfig     [0;39m [2m:[0;39m start asyncServiceExecutor
[2m2025-06-23 17:18:37.859[0;39m [32m INFO[0;39m [35m58182[0;39m [2m---[0;39m [2m[  restartedMain][0;39m [36mcom.dincher.ScmApplication              [0;39m [2m:[0;39m Started ScmApplication in 5.774 seconds (JVM running for 6.255)
[2m2025-06-23 17:25:27.381[0;39m [32m INFO[0;39m [35m58182[0;39m [2m---[0;39m [2m[io-9658-exec-29][0;39m [36mc.d.f.s.service.UserDetailsServiceImpl  [0;39m [2m:[0;39m 登录账号：ce 不存在.
[2m2025-06-23 17:25:35.036[0;39m [32m INFO[0;39m [35m58932[0;39m [2m---[0;39m [2m[  restartedMain][0;39m [36mcom.dincher.ScmApplication              [0;39m [2m:[0;39m Starting ScmApplication on mac-mini.local with PID 58932 (/Users/wangyan/Desktop/patient_verification/target/classes started by wangyan in /Users/wangyan/Desktop/patient_verification)
[2m2025-06-23 17:25:35.037[0;39m [32m INFO[0;39m [35m58932[0;39m [2m---[0;39m [2m[  restartedMain][0;39m [36mcom.dincher.ScmApplication              [0;39m [2m:[0;39m The following profiles are active: xz
[2m2025-06-23 17:25:39.135[0;39m [32m INFO[0;39m [35m58932[0;39m [2m---[0;39m [2m[  restartedMain][0;39m [36mc.d.framework.config.ExecutorConfig     [0;39m [2m:[0;39m start asyncServiceExecutor
[2m2025-06-23 17:25:40.672[0;39m [32m INFO[0;39m [35m58932[0;39m [2m---[0;39m [2m[  restartedMain][0;39m [36mcom.dincher.ScmApplication              [0;39m [2m:[0;39m Started ScmApplication in 5.844 seconds (JVM running for 6.329)
