[2m2025-07-31 16:31:57.804[0;39m [32m INFO[0;39m [35m42990[0;39m [2m---[0;39m [2m[  restartedMain][0;39m [36mcom.dincher.ScmApplication              [0;39m [2m:[0;39m Starting ScmApplication on mac-mini.local with PID 42990 (/Users/wangyan/Desktop/patient_verification/target/classes started by wangyan in /Users/wangyan/Desktop/patient_verification)
[2m2025-07-31 16:31:57.807[0;39m [32m INFO[0;39m [35m42990[0;39m [2m---[0;39m [2m[  restartedMain][0;39m [36mcom.dincher.ScmApplication              [0;39m [2m:[0;39m The following profiles are active: xz
[2m2025-07-31 16:32:09.302[0;39m [32m INFO[0;39m [35m42990[0;39m [2m---[0;39m [2m[  restartedMain][0;39m [36mc.d.framework.config.ExecutorConfig     [0;39m [2m:[0;39m start asyncServiceExecutor
[2m2025-07-31 16:32:10.665[0;39m [32m INFO[0;39m [35m42990[0;39m [2m---[0;39m [2m[  restartedMain][0;39m [36msys-user                                [0;39m [2m:[0;39m ====关闭后台任务任务线程池====
[2m2025-07-31 16:32:49.427[0;39m [32m INFO[0;39m [35m43164[0;39m [2m---[0;39m [2m[  restartedMain][0;39m [36mcom.dincher.ScmApplication              [0;39m [2m:[0;39m Starting ScmApplication on mac-mini.local with PID 43164 (/Users/wangyan/Desktop/patient_verification/target/classes started by wangyan in /Users/wangyan/Desktop/patient_verification)
[2m2025-07-31 16:32:49.428[0;39m [32m INFO[0;39m [35m43164[0;39m [2m---[0;39m [2m[  restartedMain][0;39m [36mcom.dincher.ScmApplication              [0;39m [2m:[0;39m The following profiles are active: xz
[2m2025-07-31 16:32:55.813[0;39m [32m INFO[0;39m [35m43164[0;39m [2m---[0;39m [2m[  restartedMain][0;39m [36mc.d.framework.config.ExecutorConfig     [0;39m [2m:[0;39m start asyncServiceExecutor
[2m2025-07-31 16:32:57.337[0;39m [32m INFO[0;39m [35m43164[0;39m [2m---[0;39m [2m[  restartedMain][0;39m [36mcom.dincher.ScmApplication              [0;39m [2m:[0;39m Started ScmApplication in 8.119 seconds (JVM running for 8.685)
[2m2025-07-31 16:36:00.549[0;39m [32m INFO[0;39m [35m43164[0;39m [2m---[0;39m [2m[extShutdownHook][0;39m [36msys-user                                [0;39m [2m:[0;39m ====关闭后台任务任务线程池====
[2m2025-07-31 16:36:03.285[0;39m [32m INFO[0;39m [35m43705[0;39m [2m---[0;39m [2m[  restartedMain][0;39m [36mcom.dincher.ScmApplication              [0;39m [2m:[0;39m Starting ScmApplication on mac-mini.local with PID 43705 (/Users/wangyan/Desktop/patient_verification/target/classes started by wangyan in /Users/wangyan/Desktop/patient_verification)
[2m2025-07-31 16:36:03.286[0;39m [32m INFO[0;39m [35m43705[0;39m [2m---[0;39m [2m[  restartedMain][0;39m [36mcom.dincher.ScmApplication              [0;39m [2m:[0;39m The following profiles are active: xz
[2m2025-07-31 16:36:09.491[0;39m [32m INFO[0;39m [35m43705[0;39m [2m---[0;39m [2m[  restartedMain][0;39m [36mc.d.framework.config.ExecutorConfig     [0;39m [2m:[0;39m start asyncServiceExecutor
[2m2025-07-31 16:36:11.053[0;39m [32m INFO[0;39m [35m43705[0;39m [2m---[0;39m [2m[  restartedMain][0;39m [36mcom.dincher.ScmApplication              [0;39m [2m:[0;39m Started ScmApplication in 7.971 seconds (JVM running for 8.445)
[2m2025-07-31 16:36:31.522[0;39m [32m INFO[0;39m [35m43705[0;39m [2m---[0;39m [2m[extShutdownHook][0;39m [36msys-user                                [0;39m [2m:[0;39m ====关闭后台任务任务线程池====
[2m2025-07-31 16:36:32.839[0;39m [32m INFO[0;39m [35m43797[0;39m [2m---[0;39m [2m[  restartedMain][0;39m [36mcom.dincher.ScmApplication              [0;39m [2m:[0;39m Starting ScmApplication on mac-mini.local with PID 43797 (/Users/wangyan/Desktop/patient_verification/target/classes started by wangyan in /Users/wangyan/Desktop/patient_verification)
[2m2025-07-31 16:36:32.841[0;39m [32m INFO[0;39m [35m43797[0;39m [2m---[0;39m [2m[  restartedMain][0;39m [36mcom.dincher.ScmApplication              [0;39m [2m:[0;39m The following profiles are active: xz
[2m2025-07-31 16:36:39.614[0;39m [32m INFO[0;39m [35m43797[0;39m [2m---[0;39m [2m[  restartedMain][0;39m [36mc.d.framework.config.ExecutorConfig     [0;39m [2m:[0;39m start asyncServiceExecutor
[2m2025-07-31 16:36:41.265[0;39m [32m INFO[0;39m [35m43797[0;39m [2m---[0;39m [2m[  restartedMain][0;39m [36mcom.dincher.ScmApplication              [0;39m [2m:[0;39m Started ScmApplication in 8.669 seconds (JVM running for 9.457)
[2m2025-07-31 16:40:51.193[0;39m [32m INFO[0;39m [35m43797[0;39m [2m---[0;39m [2m[      Thread-19][0;39m [36msys-user                                [0;39m [2m:[0;39m ====关闭后台任务任务线程池====
[2m2025-07-31 16:40:51.505[0;39m [32m INFO[0;39m [35m43797[0;39m [2m---[0;39m [2m[  restartedMain][0;39m [36mcom.dincher.ScmApplication              [0;39m [2m:[0;39m Starting ScmApplication on mac-mini.local with PID 43797 (/Users/wangyan/Desktop/patient_verification/target/classes started by wangyan in /Users/wangyan/Desktop/patient_verification)
[2m2025-07-31 16:40:51.505[0;39m [32m INFO[0;39m [35m43797[0;39m [2m---[0;39m [2m[  restartedMain][0;39m [36mcom.dincher.ScmApplication              [0;39m [2m:[0;39m The following profiles are active: xz
[2m2025-07-31 16:40:55.694[0;39m [32m INFO[0;39m [35m43797[0;39m [2m---[0;39m [2m[  restartedMain][0;39m [36mc.d.framework.config.ExecutorConfig     [0;39m [2m:[0;39m start asyncServiceExecutor
[2m2025-07-31 16:40:56.609[0;39m [32m INFO[0;39m [35m43797[0;39m [2m---[0;39m [2m[  restartedMain][0;39m [36mcom.dincher.ScmApplication              [0;39m [2m:[0;39m Started ScmApplication in 5.142 seconds (JVM running for 264.801)
[2m2025-07-31 16:47:51.411[0;39m [32m INFO[0;39m [35m43797[0;39m [2m---[0;39m [2m[nio-8080-exec-2][0;39m [36mc.d.p.s.service.impl.LoginServiceImpl   [0;39m [2m:[0;39m 登录账号：admin 未配置科室.
[2m2025-07-31 16:56:32.602[0;39m [32m INFO[0;39m [35m43797[0;39m [2m---[0;39m [2m[extShutdownHook][0;39m [36msys-user                                [0;39m [2m:[0;39m ====关闭后台任务任务线程池====
