[2m2025-06-24 10:14:05.298[0;39m [32m INFO[0;39m [35m58932[0;39m [2m---[0;39m [2m[extShutdownHook][0;39m [36msys-user                                [0;39m [2m:[0;39m ====关闭后台任务任务线程池====
[2m2025-06-24 10:14:14.873[0;39m [32m INFO[0;39m [35m15187[0;39m [2m---[0;39m [2m[  restartedMain][0;39m [36mcom.dincher.ScmApplication              [0;39m [2m:[0;39m Starting ScmApplication on mac-mini.local with PID 15187 (/Users/wangyan/Desktop/patient_verification/target/classes started by wangyan in /Users/wangyan/Desktop/patient_verification)
[2m2025-06-24 10:14:14.875[0;39m [32m INFO[0;39m [35m15187[0;39m [2m---[0;39m [2m[  restartedMain][0;39m [36mcom.dincher.ScmApplication              [0;39m [2m:[0;39m The following profiles are active: xz
[2m2025-06-24 10:14:18.992[0;39m [32m INFO[0;39m [35m15187[0;39m [2m---[0;39m [2m[  restartedMain][0;39m [36mc.d.framework.config.ExecutorConfig     [0;39m [2m:[0;39m start asyncServiceExecutor
[2m2025-06-24 10:14:20.523[0;39m [32m INFO[0;39m [35m15187[0;39m [2m---[0;39m [2m[  restartedMain][0;39m [36mcom.dincher.ScmApplication              [0;39m [2m:[0;39m Started ScmApplication in 5.852 seconds (JVM running for 6.317)
[2m2025-06-24 10:20:51.834[0;39m [32m INFO[0;39m [35m15187[0;39m [2m---[0;39m [2m[extShutdownHook][0;39m [36msys-user                                [0;39m [2m:[0;39m ====关闭后台任务任务线程池====
[2m2025-06-24 10:20:55.025[0;39m [32m INFO[0;39m [35m15866[0;39m [2m---[0;39m [2m[  restartedMain][0;39m [36mcom.dincher.ScmApplication              [0;39m [2m:[0;39m Starting ScmApplication on mac-mini.local with PID 15866 (/Users/wangyan/Desktop/patient_verification/target/classes started by wangyan in /Users/wangyan/Desktop/patient_verification)
[2m2025-06-24 10:20:55.026[0;39m [32m INFO[0;39m [35m15866[0;39m [2m---[0;39m [2m[  restartedMain][0;39m [36mcom.dincher.ScmApplication              [0;39m [2m:[0;39m The following profiles are active: xz
[2m2025-06-24 10:20:59.123[0;39m [32m INFO[0;39m [35m15866[0;39m [2m---[0;39m [2m[  restartedMain][0;39m [36mc.d.framework.config.ExecutorConfig     [0;39m [2m:[0;39m start asyncServiceExecutor
[2m2025-06-24 10:21:00.634[0;39m [32m INFO[0;39m [35m15866[0;39m [2m---[0;39m [2m[  restartedMain][0;39m [36mcom.dincher.ScmApplication              [0;39m [2m:[0;39m Started ScmApplication in 5.811 seconds (JVM running for 6.279)
[2m2025-06-24 10:23:15.748[0;39m [32m INFO[0;39m [35m16067[0;39m [2m---[0;39m [2m[  restartedMain][0;39m [36mcom.dincher.ScmApplication              [0;39m [2m:[0;39m Starting ScmApplication on mac-mini.local with PID 16067 (/Users/wangyan/Desktop/patient_verification/target/classes started by wangyan in /Users/wangyan/Desktop/patient_verification)
[2m2025-06-24 10:23:15.750[0;39m [32m INFO[0;39m [35m16067[0;39m [2m---[0;39m [2m[  restartedMain][0;39m [36mcom.dincher.ScmApplication              [0;39m [2m:[0;39m The following profiles are active: xz
[2m2025-06-24 10:23:19.817[0;39m [32m INFO[0;39m [35m16067[0;39m [2m---[0;39m [2m[  restartedMain][0;39m [36mc.d.framework.config.ExecutorConfig     [0;39m [2m:[0;39m start asyncServiceExecutor
[2m2025-06-24 10:23:21.304[0;39m [32m INFO[0;39m [35m16067[0;39m [2m---[0;39m [2m[  restartedMain][0;39m [36mcom.dincher.ScmApplication              [0;39m [2m:[0;39m Started ScmApplication in 5.758 seconds (JVM running for 6.225)
[2m2025-06-24 10:23:55.438[0;39m [32m INFO[0;39m [35m16067[0;39m [2m---[0;39m [2m[extShutdownHook][0;39m [36msys-user                                [0;39m [2m:[0;39m ====关闭后台任务任务线程池====
[2m2025-06-24 10:23:58.528[0;39m [32m INFO[0;39m [35m16143[0;39m [2m---[0;39m [2m[  restartedMain][0;39m [36mcom.dincher.ScmApplication              [0;39m [2m:[0;39m Starting ScmApplication on mac-mini.local with PID 16143 (/Users/wangyan/Desktop/patient_verification/target/classes started by wangyan in /Users/wangyan/Desktop/patient_verification)
[2m2025-06-24 10:23:58.530[0;39m [32m INFO[0;39m [35m16143[0;39m [2m---[0;39m [2m[  restartedMain][0;39m [36mcom.dincher.ScmApplication              [0;39m [2m:[0;39m The following profiles are active: xz
[2m2025-06-24 10:24:02.581[0;39m [32m INFO[0;39m [35m16143[0;39m [2m---[0;39m [2m[  restartedMain][0;39m [36mc.d.framework.config.ExecutorConfig     [0;39m [2m:[0;39m start asyncServiceExecutor
[2m2025-06-24 10:24:04.114[0;39m [32m INFO[0;39m [35m16143[0;39m [2m---[0;39m [2m[  restartedMain][0;39m [36mcom.dincher.ScmApplication              [0;39m [2m:[0;39m Started ScmApplication in 5.788 seconds (JVM running for 6.251)
[2m2025-06-24 10:24:13.454[0;39m [32m INFO[0;39m [35m16143[0;39m [2m---[0;39m [2m[extShutdownHook][0;39m [36msys-user                                [0;39m [2m:[0;39m ====关闭后台任务任务线程池====
[2m2025-06-24 10:24:16.859[0;39m [32m INFO[0;39m [35m16186[0;39m [2m---[0;39m [2m[  restartedMain][0;39m [36mcom.dincher.ScmApplication              [0;39m [2m:[0;39m Starting ScmApplication on mac-mini.local with PID 16186 (/Users/wangyan/Desktop/patient_verification/target/classes started by wangyan in /Users/wangyan/Desktop/patient_verification)
[2m2025-06-24 10:24:16.860[0;39m [32m INFO[0;39m [35m16186[0;39m [2m---[0;39m [2m[  restartedMain][0;39m [36mcom.dincher.ScmApplication              [0;39m [2m:[0;39m The following profiles are active: xz
[2m2025-06-24 10:24:20.937[0;39m [32m INFO[0;39m [35m16186[0;39m [2m---[0;39m [2m[  restartedMain][0;39m [36mc.d.framework.config.ExecutorConfig     [0;39m [2m:[0;39m start asyncServiceExecutor
[2m2025-06-24 10:24:22.449[0;39m [32m INFO[0;39m [35m16186[0;39m [2m---[0;39m [2m[  restartedMain][0;39m [36mcom.dincher.ScmApplication              [0;39m [2m:[0;39m Started ScmApplication in 5.804 seconds (JVM running for 6.27)
[2m2025-06-24 10:24:28.846[0;39m [32m INFO[0;39m [35m16186[0;39m [2m---[0;39m [2m[extShutdownHook][0;39m [36msys-user                                [0;39m [2m:[0;39m ====关闭后台任务任务线程池====
[2m2025-06-24 10:24:32.051[0;39m [32m INFO[0;39m [35m16227[0;39m [2m---[0;39m [2m[  restartedMain][0;39m [36mcom.dincher.ScmApplication              [0;39m [2m:[0;39m Starting ScmApplication on mac-mini.local with PID 16227 (/Users/wangyan/Desktop/patient_verification/target/classes started by wangyan in /Users/wangyan/Desktop/patient_verification)
[2m2025-06-24 10:24:32.053[0;39m [32m INFO[0;39m [35m16227[0;39m [2m---[0;39m [2m[  restartedMain][0;39m [36mcom.dincher.ScmApplication              [0;39m [2m:[0;39m The following profiles are active: xz
[2m2025-06-24 10:24:36.138[0;39m [32m INFO[0;39m [35m16227[0;39m [2m---[0;39m [2m[  restartedMain][0;39m [36mc.d.framework.config.ExecutorConfig     [0;39m [2m:[0;39m start asyncServiceExecutor
[2m2025-06-24 10:24:37.677[0;39m [32m INFO[0;39m [35m16227[0;39m [2m---[0;39m [2m[  restartedMain][0;39m [36mcom.dincher.ScmApplication              [0;39m [2m:[0;39m Started ScmApplication in 5.83 seconds (JVM running for 6.306)
[2m2025-06-24 10:26:26.586[0;39m [32m INFO[0;39m [35m16478[0;39m [2m---[0;39m [2m[  restartedMain][0;39m [36mcom.dincher.ScmApplication              [0;39m [2m:[0;39m Starting ScmApplication on mac-mini.local with PID 16478 (/Users/wangyan/Desktop/patient_verification/target/classes started by wangyan in /Users/wangyan/Desktop/patient_verification)
[2m2025-06-24 10:26:26.587[0;39m [32m INFO[0;39m [35m16478[0;39m [2m---[0;39m [2m[  restartedMain][0;39m [36mcom.dincher.ScmApplication              [0;39m [2m:[0;39m The following profiles are active: xz
[2m2025-06-24 10:26:30.646[0;39m [32m INFO[0;39m [35m16478[0;39m [2m---[0;39m [2m[  restartedMain][0;39m [36mc.d.framework.config.ExecutorConfig     [0;39m [2m:[0;39m start asyncServiceExecutor
[2m2025-06-24 10:26:32.129[0;39m [32m INFO[0;39m [35m16478[0;39m [2m---[0;39m [2m[  restartedMain][0;39m [36mcom.dincher.ScmApplication              [0;39m [2m:[0;39m Started ScmApplication in 5.744 seconds (JVM running for 6.217)
[2m2025-06-24 10:26:42.437[0;39m [32m INFO[0;39m [35m16478[0;39m [2m---[0;39m [2m[extShutdownHook][0;39m [36msys-user                                [0;39m [2m:[0;39m ====关闭后台任务任务线程池====
[2m2025-06-24 10:26:45.591[0;39m [32m INFO[0;39m [35m16518[0;39m [2m---[0;39m [2m[  restartedMain][0;39m [36mcom.dincher.ScmApplication              [0;39m [2m:[0;39m Starting ScmApplication on mac-mini.local with PID 16518 (/Users/wangyan/Desktop/patient_verification/target/classes started by wangyan in /Users/wangyan/Desktop/patient_verification)
[2m2025-06-24 10:26:45.593[0;39m [32m INFO[0;39m [35m16518[0;39m [2m---[0;39m [2m[  restartedMain][0;39m [36mcom.dincher.ScmApplication              [0;39m [2m:[0;39m The following profiles are active: xz
[2m2025-06-24 10:26:49.705[0;39m [32m INFO[0;39m [35m16518[0;39m [2m---[0;39m [2m[  restartedMain][0;39m [36mc.d.framework.config.ExecutorConfig     [0;39m [2m:[0;39m start asyncServiceExecutor
[2m2025-06-24 10:26:51.225[0;39m [32m INFO[0;39m [35m16518[0;39m [2m---[0;39m [2m[  restartedMain][0;39m [36mcom.dincher.ScmApplication              [0;39m [2m:[0;39m Started ScmApplication in 5.842 seconds (JVM running for 6.317)
[2m2025-06-24 10:30:58.733[0;39m [32m INFO[0;39m [35m17059[0;39m [2m---[0;39m [2m[  restartedMain][0;39m [36mcom.dincher.ScmApplication              [0;39m [2m:[0;39m Starting ScmApplication on mac-mini.local with PID 17059 (/Users/wangyan/Desktop/patient_verification/target/classes started by wangyan in /Users/wangyan/Desktop/patient_verification)
[2m2025-06-24 10:30:58.734[0;39m [32m INFO[0;39m [35m17059[0;39m [2m---[0;39m [2m[  restartedMain][0;39m [36mcom.dincher.ScmApplication              [0;39m [2m:[0;39m The following profiles are active: xz
[2m2025-06-24 10:31:02.808[0;39m [32m INFO[0;39m [35m17059[0;39m [2m---[0;39m [2m[  restartedMain][0;39m [36mc.d.framework.config.ExecutorConfig     [0;39m [2m:[0;39m start asyncServiceExecutor
[2m2025-06-24 10:31:04.331[0;39m [32m INFO[0;39m [35m17059[0;39m [2m---[0;39m [2m[  restartedMain][0;39m [36mcom.dincher.ScmApplication              [0;39m [2m:[0;39m Started ScmApplication in 5.8 seconds (JVM running for 6.264)
[2m2025-06-24 10:31:33.170[0;39m [32m INFO[0;39m [35m17059[0;39m [2m---[0;39m [2m[extShutdownHook][0;39m [36msys-user                                [0;39m [2m:[0;39m ====关闭后台任务任务线程池====
[2m2025-06-24 10:31:36.438[0;39m [32m INFO[0;39m [35m17134[0;39m [2m---[0;39m [2m[  restartedMain][0;39m [36mcom.dincher.ScmApplication              [0;39m [2m:[0;39m Starting ScmApplication on mac-mini.local with PID 17134 (/Users/wangyan/Desktop/patient_verification/target/classes started by wangyan in /Users/wangyan/Desktop/patient_verification)
[2m2025-06-24 10:31:36.440[0;39m [32m INFO[0;39m [35m17134[0;39m [2m---[0;39m [2m[  restartedMain][0;39m [36mcom.dincher.ScmApplication              [0;39m [2m:[0;39m The following profiles are active: xz
[2m2025-06-24 10:31:40.522[0;39m [32m INFO[0;39m [35m17134[0;39m [2m---[0;39m [2m[  restartedMain][0;39m [36mc.d.framework.config.ExecutorConfig     [0;39m [2m:[0;39m start asyncServiceExecutor
[2m2025-06-24 10:31:42.021[0;39m [32m INFO[0;39m [35m17134[0;39m [2m---[0;39m [2m[  restartedMain][0;39m [36mcom.dincher.ScmApplication              [0;39m [2m:[0;39m Started ScmApplication in 5.789 seconds (JVM running for 6.265)
[2m2025-06-24 10:38:55.796[0;39m [32m INFO[0;39m [35m17134[0;39m [2m---[0;39m [2m[extShutdownHook][0;39m [36msys-user                                [0;39m [2m:[0;39m ====关闭后台任务任务线程池====
[2m2025-06-24 10:38:59.200[0;39m [32m INFO[0;39m [35m17965[0;39m [2m---[0;39m [2m[  restartedMain][0;39m [36mcom.dincher.ScmApplication              [0;39m [2m:[0;39m Starting ScmApplication on mac-mini.local with PID 17965 (/Users/wangyan/Desktop/patient_verification/target/classes started by wangyan in /Users/wangyan/Desktop/patient_verification)
[2m2025-06-24 10:38:59.202[0;39m [32m INFO[0;39m [35m17965[0;39m [2m---[0;39m [2m[  restartedMain][0;39m [36mcom.dincher.ScmApplication              [0;39m [2m:[0;39m The following profiles are active: xz
[2m2025-06-24 10:39:03.236[0;39m [32m INFO[0;39m [35m17965[0;39m [2m---[0;39m [2m[  restartedMain][0;39m [36mc.d.framework.config.ExecutorConfig     [0;39m [2m:[0;39m start asyncServiceExecutor
[2m2025-06-24 10:39:04.769[0;39m [32m INFO[0;39m [35m17965[0;39m [2m---[0;39m [2m[  restartedMain][0;39m [36mcom.dincher.ScmApplication              [0;39m [2m:[0;39m Started ScmApplication in 5.771 seconds (JVM running for 6.234)
[2m2025-06-24 10:39:25.590[0;39m [32m INFO[0;39m [35m18016[0;39m [2m---[0;39m [2m[  restartedMain][0;39m [36mcom.dincher.ScmApplication              [0;39m [2m:[0;39m Starting ScmApplication on mac-mini.local with PID 18016 (/Users/wangyan/Desktop/patient_verification/target/classes started by wangyan in /Users/wangyan/Desktop/patient_verification)
[2m2025-06-24 10:39:25.592[0;39m [32m INFO[0;39m [35m18016[0;39m [2m---[0;39m [2m[  restartedMain][0;39m [36mcom.dincher.ScmApplication              [0;39m [2m:[0;39m The following profiles are active: xz
[2m2025-06-24 10:39:29.658[0;39m [32m INFO[0;39m [35m18016[0;39m [2m---[0;39m [2m[  restartedMain][0;39m [36mc.d.framework.config.ExecutorConfig     [0;39m [2m:[0;39m start asyncServiceExecutor
[2m2025-06-24 10:39:31.155[0;39m [32m INFO[0;39m [35m18016[0;39m [2m---[0;39m [2m[  restartedMain][0;39m [36mcom.dincher.ScmApplication              [0;39m [2m:[0;39m Started ScmApplication in 5.774 seconds (JVM running for 6.29)
[2m2025-06-24 10:45:45.371[0;39m [32m INFO[0;39m [35m18016[0;39m [2m---[0;39m [2m[      Thread-13][0;39m [36msys-user                                [0;39m [2m:[0;39m ====关闭后台任务任务线程池====
[2m2025-06-24 10:45:45.680[0;39m [32m INFO[0;39m [35m18016[0;39m [2m---[0;39m [2m[  restartedMain][0;39m [36mcom.dincher.ScmApplication              [0;39m [2m:[0;39m Starting ScmApplication on mac-mini.local with PID 18016 (/Users/wangyan/Desktop/patient_verification/target/classes started by wangyan in /Users/wangyan/Desktop/patient_verification)
[2m2025-06-24 10:45:45.680[0;39m [32m INFO[0;39m [35m18016[0;39m [2m---[0;39m [2m[  restartedMain][0;39m [36mcom.dincher.ScmApplication              [0;39m [2m:[0;39m The following profiles are active: xz
[2m2025-06-24 10:45:47.416[0;39m [32m INFO[0;39m [35m18016[0;39m [2m---[0;39m [2m[  restartedMain][0;39m [36msys-user                                [0;39m [2m:[0;39m ====关闭后台任务任务线程池====
[2m2025-06-24 10:46:37.039[0;39m [32m INFO[0;39m [35m18016[0;39m [2m---[0;39m [2m[  restartedMain][0;39m [36mcom.dincher.ScmApplication              [0;39m [2m:[0;39m Starting ScmApplication on mac-mini.local with PID 18016 (/Users/wangyan/Desktop/patient_verification/target/classes started by wangyan in /Users/wangyan/Desktop/patient_verification)
[2m2025-06-24 10:46:37.039[0;39m [32m INFO[0;39m [35m18016[0;39m [2m---[0;39m [2m[  restartedMain][0;39m [36mcom.dincher.ScmApplication              [0;39m [2m:[0;39m The following profiles are active: xz
[2m2025-06-24 10:46:38.739[0;39m [32m INFO[0;39m [35m18016[0;39m [2m---[0;39m [2m[  restartedMain][0;39m [36msys-user                                [0;39m [2m:[0;39m ====关闭后台任务任务线程池====
[2m2025-06-24 10:48:25.592[0;39m [32m INFO[0;39m [35m19082[0;39m [2m---[0;39m [2m[  restartedMain][0;39m [36mcom.dincher.ScmApplication              [0;39m [2m:[0;39m Starting ScmApplication on mac-mini.local with PID 19082 (/Users/wangyan/Desktop/patient_verification/target/classes started by wangyan in /Users/wangyan/Desktop/patient_verification)
[2m2025-06-24 10:48:25.594[0;39m [32m INFO[0;39m [35m19082[0;39m [2m---[0;39m [2m[  restartedMain][0;39m [36mcom.dincher.ScmApplication              [0;39m [2m:[0;39m The following profiles are active: xz
[2m2025-06-24 10:48:30.039[0;39m [32m INFO[0;39m [35m19082[0;39m [2m---[0;39m [2m[  restartedMain][0;39m [36mc.d.framework.config.ExecutorConfig     [0;39m [2m:[0;39m start asyncServiceExecutor
[2m2025-06-24 10:48:31.709[0;39m [32m INFO[0;39m [35m19082[0;39m [2m---[0;39m [2m[  restartedMain][0;39m [36mcom.dincher.ScmApplication              [0;39m [2m:[0;39m Started ScmApplication in 6.337 seconds (JVM running for 7.068)
[2m2025-06-24 10:49:54.382[0;39m [32m INFO[0;39m [35m19082[0;39m [2m---[0;39m [2m[nio-9658-exec-7][0;39m [36mc.d.p.s.service.impl.LoginServiceImpl   [0;39m [2m:[0;39m 登录账号：admin 未配置科室.
[2m2025-06-24 10:50:50.546[0;39m [32m INFO[0;39m [35m19082[0;39m [2m---[0;39m [2m[extShutdownHook][0;39m [36msys-user                                [0;39m [2m:[0;39m ====关闭后台任务任务线程池====
[2m2025-06-24 10:50:54.099[0;39m [32m INFO[0;39m [35m19339[0;39m [2m---[0;39m [2m[  restartedMain][0;39m [36mcom.dincher.ScmApplication              [0;39m [2m:[0;39m Starting ScmApplication on mac-mini.local with PID 19339 (/Users/wangyan/Desktop/patient_verification/target/classes started by wangyan in /Users/wangyan/Desktop/patient_verification)
[2m2025-06-24 10:50:54.101[0;39m [32m INFO[0;39m [35m19339[0;39m [2m---[0;39m [2m[  restartedMain][0;39m [36mcom.dincher.ScmApplication              [0;39m [2m:[0;39m The following profiles are active: xz
[2m2025-06-24 10:50:58.506[0;39m [32m INFO[0;39m [35m19339[0;39m [2m---[0;39m [2m[  restartedMain][0;39m [36mc.d.framework.config.ExecutorConfig     [0;39m [2m:[0;39m start asyncServiceExecutor
[2m2025-06-24 10:51:00.105[0;39m [32m INFO[0;39m [35m19339[0;39m [2m---[0;39m [2m[  restartedMain][0;39m [36mcom.dincher.ScmApplication              [0;39m [2m:[0;39m Started ScmApplication in 6.226 seconds (JVM running for 6.946)
[2m2025-06-24 10:52:11.547[0;39m [32m INFO[0;39m [35m19339[0;39m [2m---[0;39m [2m[nio-9658-exec-9][0;39m [36mc.d.p.s.service.impl.LoginServiceImpl   [0;39m [2m:[0;39m 登录账号：admin 未配置科室.
[2m2025-06-24 10:52:21.114[0;39m [32m INFO[0;39m [35m19339[0;39m [2m---[0;39m [2m[io-9658-exec-21][0;39m [36mc.d.p.s.service.impl.LoginServiceImpl   [0;39m [2m:[0;39m 登录账号：admin 未配置科室.
[2m2025-06-24 10:53:23.455[0;39m [32m INFO[0;39m [35m19339[0;39m [2m---[0;39m [2m[io-9658-exec-27][0;39m [36mc.d.p.s.service.impl.LoginServiceImpl   [0;39m [2m:[0;39m 登录账号：wangya 无此科室权限.
[2m2025-06-24 10:53:28.258[0;39m [32m INFO[0;39m [35m19339[0;39m [2m---[0;39m [2m[io-9658-exec-28][0;39m [36mc.d.p.s.service.impl.LoginServiceImpl   [0;39m [2m:[0;39m 登录账号：wangya 无此科室权限.
[2m2025-06-24 10:53:43.367[0;39m [32m INFO[0;39m [35m19339[0;39m [2m---[0;39m [2m[nio-9658-exec-6][0;39m [36mc.d.p.s.service.impl.LoginServiceImpl   [0;39m [2m:[0;39m 登录账号：wangya 无此科室权限.
[2m2025-06-24 10:54:09.285[0;39m [32m INFO[0;39m [35m19339[0;39m [2m---[0;39m [2m[io-9658-exec-10][0;39m [36mc.d.p.s.service.impl.LoginServiceImpl   [0;39m [2m:[0;39m 登录账号：wangya 无此科室权限.
[2m2025-06-24 10:56:10.945[0;39m [32m INFO[0;39m [35m20063[0;39m [2m---[0;39m [2m[  restartedMain][0;39m [36mcom.dincher.ScmApplication              [0;39m [2m:[0;39m Starting ScmApplication on mac-mini.local with PID 20063 (/Users/wangyan/Desktop/patient_verification/target/classes started by wangyan in /Users/wangyan/Desktop/patient_verification)
[2m2025-06-24 10:56:10.946[0;39m [32m INFO[0;39m [35m20063[0;39m [2m---[0;39m [2m[  restartedMain][0;39m [36mcom.dincher.ScmApplication              [0;39m [2m:[0;39m The following profiles are active: xz
[2m2025-06-24 10:56:15.339[0;39m [32m INFO[0;39m [35m20063[0;39m [2m---[0;39m [2m[  restartedMain][0;39m [36mc.d.framework.config.ExecutorConfig     [0;39m [2m:[0;39m start asyncServiceExecutor
[2m2025-06-24 10:56:16.927[0;39m [32m INFO[0;39m [35m20063[0;39m [2m---[0;39m [2m[  restartedMain][0;39m [36mcom.dincher.ScmApplication              [0;39m [2m:[0;39m Started ScmApplication in 6.21 seconds (JVM running for 6.934)
[2m2025-06-24 10:56:17.336[0;39m [32m INFO[0;39m [35m20063[0;39m [2m---[0;39m [2m[nio-9658-exec-1][0;39m [36mc.d.p.s.service.impl.LoginServiceImpl   [0;39m [2m:[0;39m 登录账号：wangya 无此科室权限.
[2m2025-06-24 10:56:36.730[0;39m [32m INFO[0;39m [35m20063[0;39m [2m---[0;39m [2m[nio-9658-exec-4][0;39m [36mc.d.p.s.service.impl.LoginServiceImpl   [0;39m [2m:[0;39m 登录账号：wangya 无此科室权限.
[2m2025-06-24 10:56:40.502[0;39m [32m INFO[0;39m [35m20063[0;39m [2m---[0;39m [2m[      Thread-14][0;39m [36msys-user                                [0;39m [2m:[0;39m ====关闭后台任务任务线程池====
[2m2025-06-24 10:56:40.841[0;39m [32m INFO[0;39m [35m20063[0;39m [2m---[0;39m [2m[  restartedMain][0;39m [36mcom.dincher.ScmApplication              [0;39m [2m:[0;39m Starting ScmApplication on mac-mini.local with PID 20063 (/Users/wangyan/Desktop/patient_verification/target/classes started by wangyan in /Users/wangyan/Desktop/patient_verification)
[2m2025-06-24 10:56:40.841[0;39m [32m INFO[0;39m [35m20063[0;39m [2m---[0;39m [2m[  restartedMain][0;39m [36mcom.dincher.ScmApplication              [0;39m [2m:[0;39m The following profiles are active: xz
[2m2025-06-24 10:56:42.930[0;39m [32m INFO[0;39m [35m20063[0;39m [2m---[0;39m [2m[  restartedMain][0;39m [36mc.d.framework.config.ExecutorConfig     [0;39m [2m:[0;39m start asyncServiceExecutor
[2m2025-06-24 10:56:43.860[0;39m [32m INFO[0;39m [35m20063[0;39m [2m---[0;39m [2m[  restartedMain][0;39m [36mcom.dincher.ScmApplication              [0;39m [2m:[0;39m Started ScmApplication in 3.061 seconds (JVM running for 33.867)
[2m2025-06-24 10:57:06.881[0;39m [32m INFO[0;39m [35m20063[0;39m [2m---[0;39m [2m[nio-9658-exec-2][0;39m [36mc.d.p.s.service.impl.LoginServiceImpl   [0;39m [2m:[0;39m 登录账号：wangya 无此科室权限.
[2m2025-06-24 11:02:37.079[0;39m [32m INFO[0;39m [35m20063[0;39m [2m---[0;39m [2m[io-9658-exec-29][0;39m [36mc.d.p.s.service.impl.LoginServiceImpl   [0;39m [2m:[0;39m 登录账号：wangya 无此科室权限.
[2m2025-06-24 11:14:53.961[0;39m [32m INFO[0;39m [35m20063[0;39m [2m---[0;39m [2m[extShutdownHook][0;39m [36msys-user                                [0;39m [2m:[0;39m ====关闭后台任务任务线程池====
[2m2025-06-24 11:14:57.479[0;39m [32m INFO[0;39m [35m21940[0;39m [2m---[0;39m [2m[  restartedMain][0;39m [36mcom.dincher.ScmApplication              [0;39m [2m:[0;39m Starting ScmApplication on mac-mini.local with PID 21940 (/Users/wangyan/Desktop/patient_verification/target/classes started by wangyan in /Users/wangyan/Desktop/patient_verification)
[2m2025-06-24 11:14:57.480[0;39m [32m INFO[0;39m [35m21940[0;39m [2m---[0;39m [2m[  restartedMain][0;39m [36mcom.dincher.ScmApplication              [0;39m [2m:[0;39m The following profiles are active: xz
[2m2025-06-24 11:15:01.944[0;39m [32m INFO[0;39m [35m21940[0;39m [2m---[0;39m [2m[  restartedMain][0;39m [36mc.d.framework.config.ExecutorConfig     [0;39m [2m:[0;39m start asyncServiceExecutor
[2m2025-06-24 11:15:03.553[0;39m [32m INFO[0;39m [35m21940[0;39m [2m---[0;39m [2m[  restartedMain][0;39m [36mcom.dincher.ScmApplication              [0;39m [2m:[0;39m Started ScmApplication in 6.296 seconds (JVM running for 7.019)
[2m2025-06-24 11:17:33.535[0;39m [32m INFO[0;39m [35m22192[0;39m [2m---[0;39m [2m[  restartedMain][0;39m [36mcom.dincher.ScmApplication              [0;39m [2m:[0;39m Starting ScmApplication on mac-mini.local with PID 22192 (/Users/wangyan/Desktop/patient_verification/target/classes started by wangyan in /Users/wangyan/Desktop/patient_verification)
[2m2025-06-24 11:17:33.537[0;39m [32m INFO[0;39m [35m22192[0;39m [2m---[0;39m [2m[  restartedMain][0;39m [36mcom.dincher.ScmApplication              [0;39m [2m:[0;39m The following profiles are active: xz
[2m2025-06-24 11:17:37.948[0;39m [32m INFO[0;39m [35m22192[0;39m [2m---[0;39m [2m[  restartedMain][0;39m [36mc.d.framework.config.ExecutorConfig     [0;39m [2m:[0;39m start asyncServiceExecutor
[2m2025-06-24 11:17:39.561[0;39m [32m INFO[0;39m [35m22192[0;39m [2m---[0;39m [2m[  restartedMain][0;39m [36mcom.dincher.ScmApplication              [0;39m [2m:[0;39m Started ScmApplication in 6.246 seconds (JVM running for 6.965)
[2m2025-06-24 11:17:55.858[0;39m [32m INFO[0;39m [35m22192[0;39m [2m---[0;39m [2m[extShutdownHook][0;39m [36msys-user                                [0;39m [2m:[0;39m ====关闭后台任务任务线程池====
[2m2025-06-24 11:17:59.276[0;39m [32m INFO[0;39m [35m22247[0;39m [2m---[0;39m [2m[  restartedMain][0;39m [36mcom.dincher.ScmApplication              [0;39m [2m:[0;39m Starting ScmApplication on mac-mini.local with PID 22247 (/Users/wangyan/Desktop/patient_verification/target/classes started by wangyan in /Users/wangyan/Desktop/patient_verification)
[2m2025-06-24 11:17:59.277[0;39m [32m INFO[0;39m [35m22247[0;39m [2m---[0;39m [2m[  restartedMain][0;39m [36mcom.dincher.ScmApplication              [0;39m [2m:[0;39m The following profiles are active: xz
[2m2025-06-24 11:18:03.651[0;39m [32m INFO[0;39m [35m22247[0;39m [2m---[0;39m [2m[  restartedMain][0;39m [36mc.d.framework.config.ExecutorConfig     [0;39m [2m:[0;39m start asyncServiceExecutor
[2m2025-06-24 11:18:05.252[0;39m [32m INFO[0;39m [35m22247[0;39m [2m---[0;39m [2m[  restartedMain][0;39m [36mcom.dincher.ScmApplication              [0;39m [2m:[0;39m Started ScmApplication in 6.195 seconds (JVM running for 6.905)
[2m2025-06-24 11:20:28.212[0;39m [32m INFO[0;39m [35m22539[0;39m [2m---[0;39m [2m[  restartedMain][0;39m [36mcom.dincher.ScmApplication              [0;39m [2m:[0;39m Starting ScmApplication on mac-mini.local with PID 22539 (/Users/wangyan/Desktop/patient_verification/target/classes started by wangyan in /Users/wangyan/Desktop/patient_verification)
[2m2025-06-24 11:20:28.214[0;39m [32m INFO[0;39m [35m22539[0;39m [2m---[0;39m [2m[  restartedMain][0;39m [36mcom.dincher.ScmApplication              [0;39m [2m:[0;39m The following profiles are active: xz
[2m2025-06-24 11:20:32.691[0;39m [32m INFO[0;39m [35m22539[0;39m [2m---[0;39m [2m[  restartedMain][0;39m [36mc.d.framework.config.ExecutorConfig     [0;39m [2m:[0;39m start asyncServiceExecutor
[2m2025-06-24 11:20:34.311[0;39m [32m INFO[0;39m [35m22539[0;39m [2m---[0;39m [2m[  restartedMain][0;39m [36mcom.dincher.ScmApplication              [0;39m [2m:[0;39m Started ScmApplication in 6.318 seconds (JVM running for 7.045)
[2m2025-06-24 11:21:19.752[0;39m [32m INFO[0;39m [35m22698[0;39m [2m---[0;39m [2m[  restartedMain][0;39m [36mcom.dincher.ScmApplication              [0;39m [2m:[0;39m Starting ScmApplication on mac-mini.local with PID 22698 (/Users/wangyan/Desktop/patient_verification/target/classes started by wangyan in /Users/wangyan/Desktop/patient_verification)
[2m2025-06-24 11:21:19.754[0;39m [32m INFO[0;39m [35m22698[0;39m [2m---[0;39m [2m[  restartedMain][0;39m [36mcom.dincher.ScmApplication              [0;39m [2m:[0;39m The following profiles are active: xz
[2m2025-06-24 11:21:24.140[0;39m [32m INFO[0;39m [35m22698[0;39m [2m---[0;39m [2m[  restartedMain][0;39m [36mc.d.framework.config.ExecutorConfig     [0;39m [2m:[0;39m start asyncServiceExecutor
[2m2025-06-24 11:21:25.746[0;39m [32m INFO[0;39m [35m22698[0;39m [2m---[0;39m [2m[  restartedMain][0;39m [36mcom.dincher.ScmApplication              [0;39m [2m:[0;39m Started ScmApplication in 6.221 seconds (JVM running for 6.951)
[2m2025-06-24 11:33:01.537[0;39m [32m INFO[0;39m [35m24233[0;39m [2m---[0;39m [2m[  restartedMain][0;39m [36mcom.dincher.ScmApplication              [0;39m [2m:[0;39m Starting ScmApplication on mac-mini.local with PID 24233 (/Users/wangyan/Desktop/patient_verification/target/classes started by wangyan in /Users/wangyan/Desktop/patient_verification)
[2m2025-06-24 11:33:01.538[0;39m [32m INFO[0;39m [35m24233[0;39m [2m---[0;39m [2m[  restartedMain][0;39m [36mcom.dincher.ScmApplication              [0;39m [2m:[0;39m The following profiles are active: xz
[2m2025-06-24 11:33:05.906[0;39m [32m INFO[0;39m [35m24233[0;39m [2m---[0;39m [2m[  restartedMain][0;39m [36mc.d.framework.config.ExecutorConfig     [0;39m [2m:[0;39m start asyncServiceExecutor
[2m2025-06-24 11:33:07.525[0;39m [32m INFO[0;39m [35m24233[0;39m [2m---[0;39m [2m[  restartedMain][0;39m [36mcom.dincher.ScmApplication              [0;39m [2m:[0;39m Started ScmApplication in 6.207 seconds (JVM running for 6.925)
[2m2025-06-24 11:33:16.421[0;39m [32m INFO[0;39m [35m24233[0;39m [2m---[0;39m [2m[extShutdownHook][0;39m [36msys-user                                [0;39m [2m:[0;39m ====关闭后台任务任务线程池====
[2m2025-06-24 11:33:19.908[0;39m [32m INFO[0;39m [35m24274[0;39m [2m---[0;39m [2m[  restartedMain][0;39m [36mcom.dincher.ScmApplication              [0;39m [2m:[0;39m Starting ScmApplication on mac-mini.local with PID 24274 (/Users/wangyan/Desktop/patient_verification/target/classes started by wangyan in /Users/wangyan/Desktop/patient_verification)
[2m2025-06-24 11:33:19.910[0;39m [32m INFO[0;39m [35m24274[0;39m [2m---[0;39m [2m[  restartedMain][0;39m [36mcom.dincher.ScmApplication              [0;39m [2m:[0;39m The following profiles are active: xz
[2m2025-06-24 11:33:24.267[0;39m [32m INFO[0;39m [35m24274[0;39m [2m---[0;39m [2m[  restartedMain][0;39m [36mc.d.framework.config.ExecutorConfig     [0;39m [2m:[0;39m start asyncServiceExecutor
[2m2025-06-24 11:33:25.864[0;39m [32m INFO[0;39m [35m24274[0;39m [2m---[0;39m [2m[  restartedMain][0;39m [36mcom.dincher.ScmApplication              [0;39m [2m:[0;39m Started ScmApplication in 6.177 seconds (JVM running for 6.898)
[2m2025-06-24 11:34:22.465[0;39m [32m INFO[0;39m [35m24388[0;39m [2m---[0;39m [2m[  restartedMain][0;39m [36mcom.dincher.ScmApplication              [0;39m [2m:[0;39m Starting ScmApplication on mac-mini.local with PID 24388 (/Users/wangyan/Desktop/patient_verification/target/classes started by wangyan in /Users/wangyan/Desktop/patient_verification)
[2m2025-06-24 11:34:22.466[0;39m [32m INFO[0;39m [35m24388[0;39m [2m---[0;39m [2m[  restartedMain][0;39m [36mcom.dincher.ScmApplication              [0;39m [2m:[0;39m The following profiles are active: xz
[2m2025-06-24 11:34:26.887[0;39m [32m INFO[0;39m [35m24388[0;39m [2m---[0;39m [2m[  restartedMain][0;39m [36mc.d.framework.config.ExecutorConfig     [0;39m [2m:[0;39m start asyncServiceExecutor
[2m2025-06-24 11:34:28.490[0;39m [32m INFO[0;39m [35m24388[0;39m [2m---[0;39m [2m[  restartedMain][0;39m [36mcom.dincher.ScmApplication              [0;39m [2m:[0;39m Started ScmApplication in 6.255 seconds (JVM running for 6.984)
[2m2025-06-24 11:36:17.264[0;39m [32m INFO[0;39m [35m24604[0;39m [2m---[0;39m [2m[  restartedMain][0;39m [36mcom.dincher.ScmApplication              [0;39m [2m:[0;39m Starting ScmApplication on mac-mini.local with PID 24604 (/Users/wangyan/Desktop/patient_verification/target/classes started by wangyan in /Users/wangyan/Desktop/patient_verification)
[2m2025-06-24 11:36:17.266[0;39m [32m INFO[0;39m [35m24604[0;39m [2m---[0;39m [2m[  restartedMain][0;39m [36mcom.dincher.ScmApplication              [0;39m [2m:[0;39m The following profiles are active: xz
[2m2025-06-24 11:36:21.669[0;39m [32m INFO[0;39m [35m24604[0;39m [2m---[0;39m [2m[  restartedMain][0;39m [36mc.d.framework.config.ExecutorConfig     [0;39m [2m:[0;39m start asyncServiceExecutor
[2m2025-06-24 11:36:23.266[0;39m [32m INFO[0;39m [35m24604[0;39m [2m---[0;39m [2m[  restartedMain][0;39m [36mcom.dincher.ScmApplication              [0;39m [2m:[0;39m Started ScmApplication in 6.222 seconds (JVM running for 6.934)
[2m2025-06-24 11:36:43.199[0;39m [32m INFO[0;39m [35m24655[0;39m [2m---[0;39m [2m[  restartedMain][0;39m [36mcom.dincher.ScmApplication              [0;39m [2m:[0;39m Starting ScmApplication on mac-mini.local with PID 24655 (/Users/wangyan/Desktop/patient_verification/target/classes started by wangyan in /Users/wangyan/Desktop/patient_verification)
[2m2025-06-24 11:36:43.200[0;39m [32m INFO[0;39m [35m24655[0;39m [2m---[0;39m [2m[  restartedMain][0;39m [36mcom.dincher.ScmApplication              [0;39m [2m:[0;39m The following profiles are active: xz
[2m2025-06-24 11:36:47.565[0;39m [32m INFO[0;39m [35m24655[0;39m [2m---[0;39m [2m[  restartedMain][0;39m [36mc.d.framework.config.ExecutorConfig     [0;39m [2m:[0;39m start asyncServiceExecutor
[2m2025-06-24 11:36:49.188[0;39m [32m INFO[0;39m [35m24655[0;39m [2m---[0;39m [2m[  restartedMain][0;39m [36mcom.dincher.ScmApplication              [0;39m [2m:[0;39m Started ScmApplication in 6.218 seconds (JVM running for 6.936)
[2m2025-06-24 11:38:15.265[0;39m [32m INFO[0;39m [35m24655[0;39m [2m---[0;39m [2m[extShutdownHook][0;39m [36msys-user                                [0;39m [2m:[0;39m ====关闭后台任务任务线程池====
[2m2025-06-24 11:38:18.975[0;39m [32m INFO[0;39m [35m24872[0;39m [2m---[0;39m [2m[  restartedMain][0;39m [36mcom.dincher.ScmApplication              [0;39m [2m:[0;39m Starting ScmApplication on mac-mini.local with PID 24872 (/Users/wangyan/Desktop/patient_verification/target/classes started by wangyan in /Users/wangyan/Desktop/patient_verification)
[2m2025-06-24 11:38:18.976[0;39m [32m INFO[0;39m [35m24872[0;39m [2m---[0;39m [2m[  restartedMain][0;39m [36mcom.dincher.ScmApplication              [0;39m [2m:[0;39m The following profiles are active: xz
[2m2025-06-24 11:38:23.491[0;39m [32m INFO[0;39m [35m24872[0;39m [2m---[0;39m [2m[  restartedMain][0;39m [36mc.d.framework.config.ExecutorConfig     [0;39m [2m:[0;39m start asyncServiceExecutor
[2m2025-06-24 11:38:25.089[0;39m [32m INFO[0;39m [35m24872[0;39m [2m---[0;39m [2m[  restartedMain][0;39m [36mcom.dincher.ScmApplication              [0;39m [2m:[0;39m Started ScmApplication in 6.339 seconds (JVM running for 7.071)
[2m2025-06-24 15:15:47.076[0;39m [32m INFO[0;39m [35m24872[0;39m [2m---[0;39m [2m[nio-9658-exec-3][0;39m [36mc.d.p.s.service.impl.LoginServiceImpl   [0;39m [2m:[0;39m 登录账号：wangya 无此科室权限.
[2m2025-06-24 15:16:47.046[0;39m [32m INFO[0;39m [35m24872[0;39m [2m---[0;39m [2m[io-9658-exec-19][0;39m [36mc.d.p.s.service.impl.LoginServiceImpl   [0;39m [2m:[0;39m 登录账号：wangya 无此科室权限.
[2m2025-06-24 15:18:04.699[0;39m [32m INFO[0;39m [35m24872[0;39m [2m---[0;39m [2m[      Thread-14][0;39m [36msys-user                                [0;39m [2m:[0;39m ====关闭后台任务任务线程池====
[2m2025-06-24 15:18:04.992[0;39m [32m INFO[0;39m [35m24872[0;39m [2m---[0;39m [2m[  restartedMain][0;39m [36mcom.dincher.ScmApplication              [0;39m [2m:[0;39m Starting ScmApplication on mac-mini.local with PID 24872 (/Users/wangyan/Desktop/patient_verification/target/classes started by wangyan in /Users/wangyan/Desktop/patient_verification)
[2m2025-06-24 15:18:04.993[0;39m [32m INFO[0;39m [35m24872[0;39m [2m---[0;39m [2m[  restartedMain][0;39m [36mcom.dincher.ScmApplication              [0;39m [2m:[0;39m The following profiles are active: xz
[2m2025-06-24 15:18:07.836[0;39m [32m INFO[0;39m [35m44837[0;39m [2m---[0;39m [2m[  restartedMain][0;39m [36mcom.dincher.ScmApplication              [0;39m [2m:[0;39m Starting ScmApplication on mac-mini.local with PID 44837 (/Users/wangyan/Desktop/patient_verification/target/classes started by wangyan in /Users/wangyan/Desktop/patient_verification)
[2m2025-06-24 15:18:07.838[0;39m [32m INFO[0;39m [35m44837[0;39m [2m---[0;39m [2m[  restartedMain][0;39m [36mcom.dincher.ScmApplication              [0;39m [2m:[0;39m The following profiles are active: xz
[2m2025-06-24 15:18:12.264[0;39m [32m INFO[0;39m [35m44837[0;39m [2m---[0;39m [2m[  restartedMain][0;39m [36mc.d.framework.config.ExecutorConfig     [0;39m [2m:[0;39m start asyncServiceExecutor
[2m2025-06-24 15:18:13.883[0;39m [32m INFO[0;39m [35m44837[0;39m [2m---[0;39m [2m[  restartedMain][0;39m [36mcom.dincher.ScmApplication              [0;39m [2m:[0;39m Started ScmApplication in 6.27 seconds (JVM running for 7.169)
[2m2025-06-24 15:22:24.643[0;39m [32m INFO[0;39m [35m44837[0;39m [2m---[0;39m [2m[      Thread-15][0;39m [36msys-user                                [0;39m [2m:[0;39m ====关闭后台任务任务线程池====
[2m2025-06-24 15:22:24.946[0;39m [32m INFO[0;39m [35m44837[0;39m [2m---[0;39m [2m[  restartedMain][0;39m [36mcom.dincher.ScmApplication              [0;39m [2m:[0;39m Starting ScmApplication on mac-mini.local with PID 44837 (/Users/wangyan/Desktop/patient_verification/target/classes started by wangyan in /Users/wangyan/Desktop/patient_verification)
[2m2025-06-24 15:22:24.946[0;39m [32m INFO[0;39m [35m44837[0;39m [2m---[0;39m [2m[  restartedMain][0;39m [36mcom.dincher.ScmApplication              [0;39m [2m:[0;39m The following profiles are active: xz
[2m2025-06-24 15:22:27.042[0;39m [32m INFO[0;39m [35m44837[0;39m [2m---[0;39m [2m[  restartedMain][0;39m [36mc.d.framework.config.ExecutorConfig     [0;39m [2m:[0;39m start asyncServiceExecutor
[2m2025-06-24 15:22:27.962[0;39m [32m INFO[0;39m [35m44837[0;39m [2m---[0;39m [2m[  restartedMain][0;39m [36mcom.dincher.ScmApplication              [0;39m [2m:[0;39m Started ScmApplication in 3.051 seconds (JVM running for 261.245)
[2m2025-06-24 15:22:29.715[0;39m [32m INFO[0;39m [35m44837[0;39m [2m---[0;39m [2m[extShutdownHook][0;39m [36msys-user                                [0;39m [2m:[0;39m ====关闭后台任务任务线程池====
[2m2025-06-24 15:22:31.529[0;39m [32m INFO[0;39m [35m45375[0;39m [2m---[0;39m [2m[  restartedMain][0;39m [36mcom.dincher.ScmApplication              [0;39m [2m:[0;39m Starting ScmApplication on mac-mini.local with PID 45375 (/Users/wangyan/Desktop/patient_verification/target/classes started by wangyan in /Users/wangyan/Desktop/patient_verification)
[2m2025-06-24 15:22:31.531[0;39m [32m INFO[0;39m [35m45375[0;39m [2m---[0;39m [2m[  restartedMain][0;39m [36mcom.dincher.ScmApplication              [0;39m [2m:[0;39m The following profiles are active: xz
[2m2025-06-24 15:22:35.962[0;39m [32m INFO[0;39m [35m45375[0;39m [2m---[0;39m [2m[  restartedMain][0;39m [36mc.d.framework.config.ExecutorConfig     [0;39m [2m:[0;39m start asyncServiceExecutor
[2m2025-06-24 15:22:37.570[0;39m [32m INFO[0;39m [35m45375[0;39m [2m---[0;39m [2m[  restartedMain][0;39m [36mcom.dincher.ScmApplication              [0;39m [2m:[0;39m Started ScmApplication in 6.262 seconds (JVM running for 7.058)
[2m2025-06-24 16:04:10.742[0;39m [32m INFO[0;39m [35m49192[0;39m [2m---[0;39m [2m[  restartedMain][0;39m [36mcom.dincher.ScmApplication              [0;39m [2m:[0;39m Starting ScmApplication on mac-mini.local with PID 49192 (/Users/wangyan/Desktop/patient_verification/target/classes started by wangyan in /Users/wangyan/Desktop/patient_verification)
[2m2025-06-24 16:04:10.743[0;39m [32m INFO[0;39m [35m49192[0;39m [2m---[0;39m [2m[  restartedMain][0;39m [36mcom.dincher.ScmApplication              [0;39m [2m:[0;39m The following profiles are active: xz
[2m2025-06-24 16:04:15.233[0;39m [32m INFO[0;39m [35m49192[0;39m [2m---[0;39m [2m[  restartedMain][0;39m [36mc.d.framework.config.ExecutorConfig     [0;39m [2m:[0;39m start asyncServiceExecutor
[2m2025-06-24 16:04:16.851[0;39m [32m INFO[0;39m [35m49192[0;39m [2m---[0;39m [2m[  restartedMain][0;39m [36mcom.dincher.ScmApplication              [0;39m [2m:[0;39m Started ScmApplication in 6.33 seconds (JVM running for 7.061)
