[2m2025-06-27 08:55:59.762[0;39m [32m INFO[0;39m [35m42605[0;39m [2m---[0;39m [2m[      Thread-14][0;39m [36msys-user                                [0;39m [2m:[0;39m ====关闭后台任务任务线程池====
[2m2025-06-27 08:56:00.084[0;39m [32m INFO[0;39m [35m42605[0;39m [2m---[0;39m [2m[  restartedMain][0;39m [36mcom.dincher.ScmApplication              [0;39m [2m:[0;39m Starting ScmApplication on mac-mini.local with PID 42605 (/Users/wangyan/Desktop/patient_verification/target/classes started by wangyan in /Users/wangyan/Desktop/patient_verification)
[2m2025-06-27 08:56:00.084[0;39m [32m INFO[0;39m [35m42605[0;39m [2m---[0;39m [2m[  restartedMain][0;39m [36mcom.dincher.ScmApplication              [0;39m [2m:[0;39m The following profiles are active: xz
[2m2025-06-27 08:56:02.375[0;39m [32m INFO[0;39m [35m42605[0;39m [2m---[0;39m [2m[  restartedMain][0;39m [36mc.d.framework.config.ExecutorConfig     [0;39m [2m:[0;39m start asyncServiceExecutor
[2m2025-06-27 08:56:03.357[0;39m [32m INFO[0;39m [35m42605[0;39m [2m---[0;39m [2m[  restartedMain][0;39m [36mcom.dincher.ScmApplication              [0;39m [2m:[0;39m Started ScmApplication in 3.312 seconds (JVM running for 146588.989)
[2m2025-06-27 08:56:05.440[0;39m [32m INFO[0;39m [35m42605[0;39m [2m---[0;39m [2m[extShutdownHook][0;39m [36msys-user                                [0;39m [2m:[0;39m ====关闭后台任务任务线程池====
[2m2025-06-27 08:56:07.378[0;39m [32m INFO[0;39m [35m84027[0;39m [2m---[0;39m [2m[  restartedMain][0;39m [36mcom.dincher.ScmApplication              [0;39m [2m:[0;39m Starting ScmApplication on mac-mini.local with PID 84027 (/Users/wangyan/Desktop/patient_verification/target/classes started by wangyan in /Users/wangyan/Desktop/patient_verification)
[2m2025-06-27 08:56:07.379[0;39m [32m INFO[0;39m [35m84027[0;39m [2m---[0;39m [2m[  restartedMain][0;39m [36mcom.dincher.ScmApplication              [0;39m [2m:[0;39m The following profiles are active: xz
[2m2025-06-27 08:56:11.959[0;39m [32m INFO[0;39m [35m84027[0;39m [2m---[0;39m [2m[  restartedMain][0;39m [36mc.d.framework.config.ExecutorConfig     [0;39m [2m:[0;39m start asyncServiceExecutor
[2m2025-06-27 08:56:13.604[0;39m [32m INFO[0;39m [35m84027[0;39m [2m---[0;39m [2m[  restartedMain][0;39m [36mcom.dincher.ScmApplication              [0;39m [2m:[0;39m Started ScmApplication in 6.462 seconds (JVM running for 7.197)
[2m2025-06-27 09:00:25.893[0;39m [32m INFO[0;39m [35m84027[0;39m [2m---[0;39m [2m[extShutdownHook][0;39m [36msys-user                                [0;39m [2m:[0;39m ====关闭后台任务任务线程池====
[2m2025-06-27 09:00:28.488[0;39m [32m INFO[0;39m [35m84690[0;39m [2m---[0;39m [2m[  restartedMain][0;39m [36mcom.dincher.ScmApplication              [0;39m [2m:[0;39m Starting ScmApplication on mac-mini.local with PID 84690 (/Users/wangyan/Desktop/patient_verification/target/classes started by wangyan in /Users/wangyan/Desktop/patient_verification)
[2m2025-06-27 09:00:28.489[0;39m [32m INFO[0;39m [35m84690[0;39m [2m---[0;39m [2m[  restartedMain][0;39m [36mcom.dincher.ScmApplication              [0;39m [2m:[0;39m The following profiles are active: xz
[2m2025-06-27 09:00:32.937[0;39m [32m INFO[0;39m [35m84690[0;39m [2m---[0;39m [2m[  restartedMain][0;39m [36mc.d.framework.config.ExecutorConfig     [0;39m [2m:[0;39m start asyncServiceExecutor
[2m2025-06-27 09:00:34.549[0;39m [32m INFO[0;39m [35m84690[0;39m [2m---[0;39m [2m[  restartedMain][0;39m [36mcom.dincher.ScmApplication              [0;39m [2m:[0;39m Started ScmApplication in 6.285 seconds (JVM running for 7.016)
[2m2025-06-27 09:12:57.337[0;39m [32m INFO[0;39m [35m86005[0;39m [2m---[0;39m [2m[  restartedMain][0;39m [36mcom.dincher.ScmApplication              [0;39m [2m:[0;39m Starting ScmApplication on mac-mini.local with PID 86005 (/Users/wangyan/Desktop/patient_verification/target/classes started by wangyan in /Users/wangyan/Desktop/patient_verification)
[2m2025-06-27 09:12:57.338[0;39m [32m INFO[0;39m [35m86005[0;39m [2m---[0;39m [2m[  restartedMain][0;39m [36mcom.dincher.ScmApplication              [0;39m [2m:[0;39m The following profiles are active: xz
[2m2025-06-27 09:13:01.807[0;39m [32m INFO[0;39m [35m86005[0;39m [2m---[0;39m [2m[  restartedMain][0;39m [36mc.d.framework.config.ExecutorConfig     [0;39m [2m:[0;39m start asyncServiceExecutor
[2m2025-06-27 09:13:03.421[0;39m [32m INFO[0;39m [35m86005[0;39m [2m---[0;39m [2m[  restartedMain][0;39m [36mcom.dincher.ScmApplication              [0;39m [2m:[0;39m Started ScmApplication in 6.303 seconds (JVM running for 7.023)
[2m2025-06-27 09:18:21.311[0;39m [32m INFO[0;39m [35m86579[0;39m [2m---[0;39m [2m[  restartedMain][0;39m [36mcom.dincher.ScmApplication              [0;39m [2m:[0;39m Starting ScmApplication on mac-mini.local with PID 86579 (/Users/wangyan/Desktop/patient_verification/target/classes started by wangyan in /Users/wangyan/Desktop/patient_verification)
[2m2025-06-27 09:18:21.312[0;39m [32m INFO[0;39m [35m86579[0;39m [2m---[0;39m [2m[  restartedMain][0;39m [36mcom.dincher.ScmApplication              [0;39m [2m:[0;39m The following profiles are active: xz
[2m2025-06-27 09:18:25.805[0;39m [32m INFO[0;39m [35m86579[0;39m [2m---[0;39m [2m[  restartedMain][0;39m [36mc.d.framework.config.ExecutorConfig     [0;39m [2m:[0;39m start asyncServiceExecutor
[2m2025-06-27 09:18:27.426[0;39m [32m INFO[0;39m [35m86579[0;39m [2m---[0;39m [2m[  restartedMain][0;39m [36mcom.dincher.ScmApplication              [0;39m [2m:[0;39m Started ScmApplication in 6.332 seconds (JVM running for 7.059)
[2m2025-06-27 09:28:37.342[0;39m [32m INFO[0;39m [35m86579[0;39m [2m---[0;39m [2m[extShutdownHook][0;39m [36msys-user                                [0;39m [2m:[0;39m ====关闭后台任务任务线程池====
[2m2025-06-27 09:28:43.053[0;39m [32m INFO[0;39m [35m87617[0;39m [2m---[0;39m [2m[  restartedMain][0;39m [36mcom.dincher.ScmApplication              [0;39m [2m:[0;39m Starting ScmApplication on mac-mini.local with PID 87617 (/Users/wangyan/Desktop/patient_verification/target/classes started by wangyan in /Users/wangyan/Desktop/patient_verification)
[2m2025-06-27 09:28:43.054[0;39m [32m INFO[0;39m [35m87617[0;39m [2m---[0;39m [2m[  restartedMain][0;39m [36mcom.dincher.ScmApplication              [0;39m [2m:[0;39m The following profiles are active: xz
[2m2025-06-27 09:28:47.465[0;39m [32m INFO[0;39m [35m87617[0;39m [2m---[0;39m [2m[  restartedMain][0;39m [36mc.d.framework.config.ExecutorConfig     [0;39m [2m:[0;39m start asyncServiceExecutor
[2m2025-06-27 09:28:49.072[0;39m [32m INFO[0;39m [35m87617[0;39m [2m---[0;39m [2m[  restartedMain][0;39m [36mcom.dincher.ScmApplication              [0;39m [2m:[0;39m Started ScmApplication in 6.24 seconds (JVM running for 6.959)
