[2m2025-06-20 16:30:49.698[0;39m [32m INFO[0;39m [35m4168[0;39m [2m---[0;39m [2m[  restartedMain][0;39m [36mcom.dincher.ScmApplication              [0;39m [2m:[0;39m Starting ScmApplication on mac-mini.local with PID 4168 (/Users/wangyan/Desktop/patient_verification/target/classes started by wangyan in /Users/wangyan/Desktop/patient_verification)
[2m2025-06-20 16:30:49.701[0;39m [32m INFO[0;39m [35m4168[0;39m [2m---[0;39m [2m[  restartedMain][0;39m [36mcom.dincher.ScmApplication              [0;39m [2m:[0;39m The following profiles are active: xz
[2m2025-06-20 16:30:54.242[0;39m [32m INFO[0;39m [35m4168[0;39m [2m---[0;39m [2m[  restartedMain][0;39m [36mc.d.framework.config.ExecutorConfig     [0;39m [2m:[0;39m start asyncServiceExecutor
[2m2025-06-20 16:30:56.021[0;39m [32m INFO[0;39m [35m4168[0;39m [2m---[0;39m [2m[  restartedMain][0;39m [36mcom.dincher.ScmApplication              [0;39m [2m:[0;39m Started ScmApplication in 6.591 seconds (JVM running for 7.279)
[2m2025-06-20 16:33:51.056[0;39m [32m INFO[0;39m [35m4168[0;39m [2m---[0;39m [2m[      Thread-13][0;39m [36msys-user                                [0;39m [2m:[0;39m ====关闭后台任务任务线程池====
[2m2025-06-20 16:33:51.381[0;39m [32m INFO[0;39m [35m4168[0;39m [2m---[0;39m [2m[  restartedMain][0;39m [36mcom.dincher.ScmApplication              [0;39m [2m:[0;39m Starting ScmApplication on mac-mini.local with PID 4168 (/Users/wangyan/Desktop/patient_verification/target/classes started by wangyan in /Users/wangyan/Desktop/patient_verification)
[2m2025-06-20 16:33:51.381[0;39m [32m INFO[0;39m [35m4168[0;39m [2m---[0;39m [2m[  restartedMain][0;39m [36mcom.dincher.ScmApplication              [0;39m [2m:[0;39m The following profiles are active: xz
[2m2025-06-20 16:33:56.265[0;39m [32m INFO[0;39m [35m4168[0;39m [2m---[0;39m [2m[  restartedMain][0;39m [36mcom.dincher.ScmApplication              [0;39m [2m:[0;39m Starting ScmApplication on mac-mini.local with PID 4168 (/Users/wangyan/Desktop/patient_verification/target/classes started by wangyan in /Users/wangyan/Desktop/patient_verification)
[2m2025-06-20 16:33:56.265[0;39m [32m INFO[0;39m [35m4168[0;39m [2m---[0;39m [2m[  restartedMain][0;39m [36mcom.dincher.ScmApplication              [0;39m [2m:[0;39m The following profiles are active: xz
[2m2025-06-20 16:33:58.193[0;39m [32m INFO[0;39m [35m4168[0;39m [2m---[0;39m [2m[  restartedMain][0;39m [36mc.d.framework.config.ExecutorConfig     [0;39m [2m:[0;39m start asyncServiceExecutor
[2m2025-06-20 16:33:59.262[0;39m [32m INFO[0;39m [35m4168[0;39m [2m---[0;39m [2m[  restartedMain][0;39m [36mcom.dincher.ScmApplication              [0;39m [2m:[0;39m Started ScmApplication in 3.026 seconds (JVM running for 190.519)
[2m2025-06-20 16:39:23.993[0;39m [32m INFO[0;39m [35m4168[0;39m [2m---[0;39m [2m[extShutdownHook][0;39m [36msys-user                                [0;39m [2m:[0;39m ====关闭后台任务任务线程池====
[2m2025-06-20 16:39:26.570[0;39m [32m INFO[0;39m [35m10542[0;39m [2m---[0;39m [2m[  restartedMain][0;39m [36mcom.dincher.ScmApplication              [0;39m [2m:[0;39m Starting ScmApplication on mac-mini.local with PID 10542 (/Users/wangyan/Desktop/patient_verification/target/classes started by wangyan in /Users/wangyan/Desktop/patient_verification)
[2m2025-06-20 16:39:26.571[0;39m [32m INFO[0;39m [35m10542[0;39m [2m---[0;39m [2m[  restartedMain][0;39m [36mcom.dincher.ScmApplication              [0;39m [2m:[0;39m The following profiles are active: xz
[2m2025-06-20 16:39:30.571[0;39m [32m INFO[0;39m [35m10542[0;39m [2m---[0;39m [2m[  restartedMain][0;39m [36mc.d.framework.config.ExecutorConfig     [0;39m [2m:[0;39m start asyncServiceExecutor
[2m2025-06-20 16:39:32.089[0;39m [32m INFO[0;39m [35m10542[0;39m [2m---[0;39m [2m[  restartedMain][0;39m [36mcom.dincher.ScmApplication              [0;39m [2m:[0;39m Started ScmApplication in 5.72 seconds (JVM running for 6.201)
[2m2025-06-20 16:58:56.312[0;39m [32m INFO[0;39m [35m10542[0;39m [2m---[0;39m [2m[extShutdownHook][0;39m [36msys-user                                [0;39m [2m:[0;39m ====关闭后台任务任务线程池====
[2m2025-06-20 16:58:57.653[0;39m [32m INFO[0;39m [35m26665[0;39m [2m---[0;39m [2m[  restartedMain][0;39m [36mcom.dincher.ScmApplication              [0;39m [2m:[0;39m Starting ScmApplication on mac-mini.local with PID 26665 (/Users/wangyan/Desktop/patient_verification/target/classes started by wangyan in /Users/wangyan/Desktop/patient_verification)
[2m2025-06-20 16:58:57.655[0;39m [32m INFO[0;39m [35m26665[0;39m [2m---[0;39m [2m[  restartedMain][0;39m [36mcom.dincher.ScmApplication              [0;39m [2m:[0;39m The following profiles are active: xz
[2m2025-06-20 16:59:01.821[0;39m [32m INFO[0;39m [35m26665[0;39m [2m---[0;39m [2m[  restartedMain][0;39m [36mc.d.framework.config.ExecutorConfig     [0;39m [2m:[0;39m start asyncServiceExecutor
[2m2025-06-20 16:59:03.319[0;39m [32m INFO[0;39m [35m26665[0;39m [2m---[0;39m [2m[  restartedMain][0;39m [36mcom.dincher.ScmApplication              [0;39m [2m:[0;39m Started ScmApplication in 5.88 seconds (JVM running for 6.474)
[2m2025-06-20 16:59:29.974[0;39m [32m INFO[0;39m [35m26665[0;39m [2m---[0;39m [2m[nio-9658-exec-1][0;39m [36mc.d.common.utils.fastDFS.FileTypeUtils  [0;39m [2m:[0;39m 上传文件类型：application/x-dosexec
[2m2025-06-20 17:06:26.147[0;39m [32m INFO[0;39m [35m27559[0;39m [2m---[0;39m [2m[  restartedMain][0;39m [36mcom.dincher.ScmApplication              [0;39m [2m:[0;39m Starting ScmApplication on mac-mini.local with PID 27559 (/Users/wangyan/Desktop/patient_verification/target/classes started by wangyan in /Users/wangyan/Desktop/patient_verification)
[2m2025-06-20 17:06:26.148[0;39m [32m INFO[0;39m [35m27559[0;39m [2m---[0;39m [2m[  restartedMain][0;39m [36mcom.dincher.ScmApplication              [0;39m [2m:[0;39m The following profiles are active: xz
[2m2025-06-20 17:06:30.227[0;39m [32m INFO[0;39m [35m27559[0;39m [2m---[0;39m [2m[  restartedMain][0;39m [36mc.d.framework.config.ExecutorConfig     [0;39m [2m:[0;39m start asyncServiceExecutor
[2m2025-06-20 17:06:31.726[0;39m [32m INFO[0;39m [35m27559[0;39m [2m---[0;39m [2m[  restartedMain][0;39m [36mcom.dincher.ScmApplication              [0;39m [2m:[0;39m Started ScmApplication in 5.78 seconds (JVM running for 6.252)
[2m2025-06-20 17:09:07.912[0;39m [32m INFO[0;39m [35m27889[0;39m [2m---[0;39m [2m[  restartedMain][0;39m [36mcom.dincher.ScmApplication              [0;39m [2m:[0;39m Starting ScmApplication on mac-mini.local with PID 27889 (/Users/wangyan/Desktop/patient_verification/target/classes started by wangyan in /Users/wangyan/Desktop/patient_verification)
[2m2025-06-20 17:09:07.913[0;39m [32m INFO[0;39m [35m27889[0;39m [2m---[0;39m [2m[  restartedMain][0;39m [36mcom.dincher.ScmApplication              [0;39m [2m:[0;39m The following profiles are active: xz
[2m2025-06-20 17:09:11.907[0;39m [32m INFO[0;39m [35m27889[0;39m [2m---[0;39m [2m[  restartedMain][0;39m [36mc.d.framework.config.ExecutorConfig     [0;39m [2m:[0;39m start asyncServiceExecutor
[2m2025-06-20 17:09:13.385[0;39m [32m INFO[0;39m [35m27889[0;39m [2m---[0;39m [2m[  restartedMain][0;39m [36mcom.dincher.ScmApplication              [0;39m [2m:[0;39m Started ScmApplication in 5.675 seconds (JVM running for 6.148)
[2m2025-06-20 17:12:52.860[0;39m [32m INFO[0;39m [35m28395[0;39m [2m---[0;39m [2m[  restartedMain][0;39m [36mcom.dincher.ScmApplication              [0;39m [2m:[0;39m Starting ScmApplication on mac-mini.local with PID 28395 (/Users/wangyan/Desktop/patient_verification/target/classes started by wangyan in /Users/wangyan/Desktop/patient_verification)
[2m2025-06-20 17:12:52.862[0;39m [32m INFO[0;39m [35m28395[0;39m [2m---[0;39m [2m[  restartedMain][0;39m [36mcom.dincher.ScmApplication              [0;39m [2m:[0;39m The following profiles are active: xz
[2m2025-06-20 17:12:57.225[0;39m [32m INFO[0;39m [35m28395[0;39m [2m---[0;39m [2m[  restartedMain][0;39m [36mc.d.framework.config.ExecutorConfig     [0;39m [2m:[0;39m start asyncServiceExecutor
[2m2025-06-20 17:12:58.848[0;39m [32m INFO[0;39m [35m28395[0;39m [2m---[0;39m [2m[  restartedMain][0;39m [36mcom.dincher.ScmApplication              [0;39m [2m:[0;39m Started ScmApplication in 6.224 seconds (JVM running for 7.45)
[2m2025-06-20 17:14:12.123[0;39m [32m INFO[0;39m [35m28395[0;39m [2m---[0;39m [2m[extShutdownHook][0;39m [36msys-user                                [0;39m [2m:[0;39m ====关闭后台任务任务线程池====
[2m2025-06-20 17:14:14.063[0;39m [32m INFO[0;39m [35m28541[0;39m [2m---[0;39m [2m[  restartedMain][0;39m [36mcom.dincher.ScmApplication              [0;39m [2m:[0;39m Starting ScmApplication on mac-mini.local with PID 28541 (/Users/wangyan/Desktop/patient_verification/target/classes started by wangyan in /Users/wangyan/Desktop/patient_verification)
[2m2025-06-20 17:14:14.065[0;39m [32m INFO[0;39m [35m28541[0;39m [2m---[0;39m [2m[  restartedMain][0;39m [36mcom.dincher.ScmApplication              [0;39m [2m:[0;39m The following profiles are active: xz
[2m2025-06-20 17:14:18.380[0;39m [32m INFO[0;39m [35m28541[0;39m [2m---[0;39m [2m[  restartedMain][0;39m [36mc.d.framework.config.ExecutorConfig     [0;39m [2m:[0;39m start asyncServiceExecutor
[2m2025-06-20 17:14:20.002[0;39m [32m INFO[0;39m [35m28541[0;39m [2m---[0;39m [2m[  restartedMain][0;39m [36mcom.dincher.ScmApplication              [0;39m [2m:[0;39m Started ScmApplication in 6.161 seconds (JVM running for 7.002)
[2m2025-06-20 17:21:35.193[0;39m [32m INFO[0;39m [35m29344[0;39m [2m---[0;39m [2m[  restartedMain][0;39m [36mcom.dincher.ScmApplication              [0;39m [2m:[0;39m Starting ScmApplication on mac-mini.local with PID 29344 (/Users/wangyan/Desktop/patient_verification/target/classes started by wangyan in /Users/wangyan/Desktop/patient_verification)
[2m2025-06-20 17:21:35.194[0;39m [32m INFO[0;39m [35m29344[0;39m [2m---[0;39m [2m[  restartedMain][0;39m [36mcom.dincher.ScmApplication              [0;39m [2m:[0;39m The following profiles are active: xz
[2m2025-06-20 17:21:39.554[0;39m [32m INFO[0;39m [35m29344[0;39m [2m---[0;39m [2m[  restartedMain][0;39m [36mc.d.framework.config.ExecutorConfig     [0;39m [2m:[0;39m start asyncServiceExecutor
[2m2025-06-20 17:21:41.145[0;39m [32m INFO[0;39m [35m29344[0;39m [2m---[0;39m [2m[  restartedMain][0;39m [36mcom.dincher.ScmApplication              [0;39m [2m:[0;39m Started ScmApplication in 6.172 seconds (JVM running for 6.885)
[2m2025-06-20 17:22:41.846[0;39m [32m INFO[0;39m [35m29344[0;39m [2m---[0;39m [2m[extShutdownHook][0;39m [36msys-user                                [0;39m [2m:[0;39m ====关闭后台任务任务线程池====
[2m2025-06-20 17:22:43.725[0;39m [32m INFO[0;39m [35m29488[0;39m [2m---[0;39m [2m[  restartedMain][0;39m [36mcom.dincher.ScmApplication              [0;39m [2m:[0;39m Starting ScmApplication on mac-mini.local with PID 29488 (/Users/wangyan/Desktop/patient_verification/target/classes started by wangyan in /Users/wangyan/Desktop/patient_verification)
[2m2025-06-20 17:22:43.726[0;39m [32m INFO[0;39m [35m29488[0;39m [2m---[0;39m [2m[  restartedMain][0;39m [36mcom.dincher.ScmApplication              [0;39m [2m:[0;39m The following profiles are active: xz
[2m2025-06-20 17:22:48.165[0;39m [32m INFO[0;39m [35m29488[0;39m [2m---[0;39m [2m[  restartedMain][0;39m [36mc.d.framework.config.ExecutorConfig     [0;39m [2m:[0;39m start asyncServiceExecutor
[2m2025-06-20 17:22:49.758[0;39m [32m INFO[0;39m [35m29488[0;39m [2m---[0;39m [2m[  restartedMain][0;39m [36mcom.dincher.ScmApplication              [0;39m [2m:[0;39m Started ScmApplication in 6.255 seconds (JVM running for 7.008)
